[ 2018-11-17T09:24:43+08:00 ] 58.240.235.34 /index.php?m=Admin&c=Public&a=login
INFO: [ view_parse ] --START--
INFO: [ template_filter ] --START--
INFO: Run Behavior\ContentReplace [ RunTime:0.000043s ]
INFO: [ template_filter ] --END-- [ RunTime:0.000076s ]
INFO: Run Behavior\ParseTemplate [ RunTime:0.001786s ]
INFO: [ view_parse ] --END-- [ RunTime:0.001836s ]
INFO: [ view_filter ] --START--
INFO: Run Behavior\WriteHtmlCache [ RunTime:0.000030s ]
INFO: [ view_filter ] --END-- [ RunTime:0.000051s ]
INFO: [ app_end ] --START--
INFO: Run Behavior\ShowPageTrace [ RunTime:0.000023s ]
INFO: [ app_end ] --END-- [ RunTime:0.000045s ]

[ 2018-11-17T09:24:51+08:00 ] 58.240.235.34 /index.php?m=Admin&c=Public&a=login
INFO: [ view_parse ] --START--
INFO: [ template_filter ] --START--
INFO: Run Behavior\ContentReplace [ RunTime:0.000058s ]
INFO: [ template_filter ] --END-- [ RunTime:0.000100s ]
INFO: Run Behavior\ParseTemplate [ RunTime:0.001858s ]
INFO: [ view_parse ] --END-- [ RunTime:0.001907s ]
INFO: [ view_filter ] --START--
INFO: Run Behavior\WriteHtmlCache [ RunTime:0.000028s ]
INFO: [ view_filter ] --END-- [ RunTime:0.000049s ]
INFO: [ app_end ] --START--
INFO: Run Behavior\ShowPageTrace [ RunTime:0.000022s ]
INFO: [ app_end ] --END-- [ RunTime:0.000043s ]

[ 2018-11-17T09:24:56+08:00 ] 58.240.235.34 /index.php?m=Admin&c=Public&a=login
INFO: [ view_parse ] --START--
INFO: [ template_filter ] --START--
INFO: Run Behavior\ContentReplace [ RunTime:0.000041s ]
INFO: [ template_filter ] --END-- [ RunTime:0.000074s ]
INFO: Run Behavior\ParseTemplate [ RunTime:0.001926s ]
INFO: [ view_parse ] --END-- [ RunTime:0.001987s ]
INFO: [ view_filter ] --START--
INFO: Run Behavior\WriteHtmlCache [ RunTime:0.000032s ]
INFO: [ view_filter ] --END-- [ RunTime:0.000060s ]
INFO: [ app_end ] --START--
INFO: Run Behavior\ShowPageTrace [ RunTime:0.000023s ]
INFO: [ app_end ] --END-- [ RunTime:0.000049s ]

[ 2018-11-17T09:24:59+08:00 ] 180.163.220.3 /index.php?m=Admin&c=Public&a=login
INFO: [ view_parse ] --START--
INFO: [ template_filter ] --START--
INFO: Run Behavior\ContentReplace [ RunTime:0.000043s ]
INFO: [ template_filter ] --END-- [ RunTime:0.000076s ]
INFO: Run Behavior\ParseTemplate [ RunTime:0.001715s ]
INFO: [ view_parse ] --END-- [ RunTime:0.001766s ]
INFO: [ view_filter ] --START--
INFO: Run Behavior\WriteHtmlCache [ RunTime:0.000028s ]
INFO: [ view_filter ] --END-- [ RunTime:0.000050s ]
INFO: [ app_end ] --START--
INFO: Run Behavior\ShowPageTrace [ RunTime:0.000024s ]
INFO: [ app_end ] --END-- [ RunTime:0.000044s ]

[ 2018-11-17T09:25:21+08:00 ] 58.240.235.34 /index.php?m=Admin&c=Public&a=login
INFO: [ app_begin ] --START--
INFO: Run Behavior\ReadHtmlCache [ RunTime:0.000025s ]
INFO: [ app_begin ] --END-- [ RunTime:0.000071s ]
SQL: SHOW COLUMNS FROM `robam_ucenter_member` [ RunTime:0.003013s ]
SQL: SELECT * FROM `robam_ucenter_member` WHERE ( `username` = 'administrator' ) LIMIT 1   [ RunTime:0.001708s ]
SQL: UPDATE `robam_ucenter_member` SET `last_login_time`=1542417921,`last_login_ip`='988867362' WHERE ( `id` = 1 ) [ RunTime:0.001803s ]
SQL: SHOW COLUMNS FROM `robam_member` [ RunTime:0.003020s ]
SQL: SELECT `uid`,`nickname`,`sex`,`birthday`,`qq`,`score`,`openid`,`login`,`reg_ip`,`reg_time`,`last_login_ip`,`last_login_time`,`status`,`type`,`company`,`area`,`bank_name`,`bank_open_name`,`bank_card`,`update_time`,`leader`,`leader_phone` FROM `robam_member` WHERE ( `uid` = 1 ) LIMIT 1   [ RunTime:0.001665s ]
SQL: SHOW COLUMNS FROM `robam_action` [ RunTime:0.002616s ]
SQL: SELECT * FROM `robam_action` WHERE ( `name` = 'user_login' ) LIMIT 1   [ RunTime:0.001623s ]
SQL: SHOW COLUMNS FROM `robam_action_log` [ RunTime:0.007435s ]
SQL: INSERT INTO `robam_action_log` (`action_id`,`user_id`,`action_ip`,`model`,`record_id`,`create_time`,`remark`) VALUES (1,1,988867362,'member',1,1542417921,'管理员在2018-11-17 09:25登录了后台') [ RunTime:0.005582s ]
SQL: SELECT * FROM `robam_action` WHERE ( `name` = 'user_login' ) LIMIT 1   [ RunTime:0.001248s ]
NOTIC: [8] Undefined offset: 1 /www/Application/Common/Common/function.php 第 665 行.
NOTIC: [2] array_key_exists() expects parameter 2 to be array, null given /www/Application/Common/Common/function.php 第 665 行.
SQL: SELECT COUNT(*) AS tp_count FROM `robam_action_log` WHERE ( `action_id` = 1 ) AND ( `user_id` = 1 ) AND ( `create_time` > 1542331521 ) LIMIT 1   [ RunTime:0.008436s ]
SQL: SHOW COLUMNS FROM `robam_member` [ RunTime:0.001623s ]
SQL: UPDATE `robam_member` SET `score`=score+10 WHERE ( uid=1 AND status>-1 ) [ RunTime:0.001808s ]
SQL: UPDATE `robam_member` SET `login`=`login`+1,`last_login_time`=1542417921,`last_login_ip`='988867362' WHERE ( `uid` = 1 ) [ RunTime:0.001634s ]

[ 2018-11-17T09:25:21+08:00 ] 58.240.235.34 /index.php?m=Admin&c=Index&a=index
SQL: SHOW COLUMNS FROM `robam_menu` [ RunTime:0.002874s ]
SQL: SELECT * FROM `robam_menu` WHERE ( `pid` = 0 ) AND ( `hide` = 0 ) ORDER BY sort asc  [ RunTime:0.001878s ]
SQL: SELECT `id` FROM `robam_menu` WHERE ( url like '%Index/index%' ) LIMIT 1   [ RunTime:0.001040s ]
SQL: SHOW COLUMNS FROM `robam_menu` [ RunTime:0.001244s ]
SQL: SELECT `id`,`pid`,`title` FROM `robam_menu` WHERE ( id=1 ) LIMIT 1   [ RunTime:0.001047s ]
SQL: SELECT DISTINCT  `group` FROM `robam_menu` WHERE ( pid = 1 )  [ RunTime:0.001074s ]
SQL: SELECT `id`,`url` FROM `robam_menu` WHERE ( `pid` = 1 ) AND ( `hide` = 0 )  [ RunTime:0.001045s ]
INFO: [ view_parse ] --START--
INFO: [ template_filter ] --START--
INFO: Run Behavior\ContentReplace [ RunTime:0.000078s ]
INFO: [ template_filter ] --END-- [ RunTime:0.000117s ]
SQL: SHOW COLUMNS FROM `robam_ucenter_member` [ RunTime:0.001428s ]
SQL: SELECT COUNT(*) AS tp_count FROM `robam_ucenter_member` WHERE ( id>2 and status=1 ) LIMIT 1   [ RunTime:0.001093s ]
SQL: SHOW COLUMNS FROM `robam_shop_goods` [ RunTime:0.002284s ]
SQL: SELECT COUNT(*) AS tp_count FROM `robam_shop_goods` WHERE ( status=2 ) LIMIT 1   [ RunTime:0.001112s ]
SQL: SHOW COLUMNS FROM `robam_orders` [ RunTime:0.001993s ]
NOTIC: [2] Missing argument 1 for Think\Model::where(), called in /www/Application/Admin/Common/function.php on line 406 and defined /www/ThinkPHP/Library/Think/Model.class.php 第 1576 行.
NOTIC: [8] Undefined variable: where /www/ThinkPHP/Library/Think/Model.class.php 第 1584 行.
NOTIC: [8] Undefined variable: where /www/ThinkPHP/Library/Think/Model.class.php 第 1587 行.
NOTIC: [8] Undefined variable: where /www/ThinkPHP/Library/Think/Model.class.php 第 1595 行.
SQL: SELECT COUNT(*) AS tp_count FROM `robam_orders` LIMIT 1   [ RunTime:0.001059s ]
SQL: SELECT SUM(price_order) AS tp_sum FROM `robam_orders` WHERE ( status=3 ) LIMIT 1   [ RunTime:0.001089s ]
SQL: SELECT SUM(reward) AS tp_sum FROM `robam_orders` WHERE ( status=3 ) LIMIT 1   [ RunTime:0.000996s ]
ERR: 1054:Unknown column 'reward' in 'field list'
 [ SQL语句 ] : SELECT SUM(reward) AS tp_sum FROM `robam_orders` WHERE ( status=3 ) LIMIT 1  
INFO: Run Behavior\ParseTemplate [ RunTime:0.017507s ]
INFO: [ view_parse ] --END-- [ RunTime:0.017543s ]
INFO: [ view_filter ] --START--
INFO: Run Behavior\WriteHtmlCache [ RunTime:0.000046s ]
INFO: [ view_filter ] --END-- [ RunTime:0.000067s ]
INFO: [ app_end ] --START--
INFO: Run Behavior\ShowPageTrace [ RunTime:0.000041s ]
INFO: [ app_end ] --END-- [ RunTime:0.000083s ]

[ 2018-11-17T09:25:26+08:00 ] 58.240.235.34 /index.php?m=Admin&c=orders&a=index
SQL: SHOW COLUMNS FROM `robam_menu` [ RunTime:0.001497s ]
SQL: SELECT * FROM `robam_menu` WHERE ( `pid` = 0 ) AND ( `hide` = 0 ) ORDER BY sort asc  [ RunTime:0.001286s ]
SQL: SELECT `id` FROM `robam_menu` WHERE ( url like '%Orders/index%' ) LIMIT 1   [ RunTime:0.001168s ]
SQL: SHOW COLUMNS FROM `robam_menu` [ RunTime:0.001259s ]
SQL: SELECT `id`,`pid`,`title` FROM `robam_menu` WHERE ( id=124 ) LIMIT 1   [ RunTime:0.001076s ]
SQL: SELECT DISTINCT  `group` FROM `robam_menu` WHERE ( pid = 124 )  [ RunTime:0.001159s ]
SQL: SELECT `id`,`url` FROM `robam_menu` WHERE ( `pid` = 124 ) AND ( `hide` = 0 )  [ RunTime:0.001096s ]
SQL: SELECT `id`,`pid`,`title`,`url`,`tip` FROM `robam_menu` WHERE ( `group` = '订单管理' ) AND ( `pid` = 124 ) AND ( `hide` = 0 ) ORDER BY sort asc  [ RunTime:0.001112s ]
NOTIC: [8] Undefined index: title /www/Application/Admin/Controller/OrdersController.class.php 第 27 行.
NOTIC: [8] Undefined index: title /www/Application/Admin/Controller/OrdersController.class.php 第 29 行.
SQL: SHOW COLUMNS FROM `robam_orders` [ RunTime:0.001360s ]
SQL: SELECT a.*,b.*,c.*,a.status as status,a.create_time as create_time FROM robam_orders a INNER JOIN robam_shop_address  as b on a.address_id = b.id INNER JOIN robam_member  as c on a.user_id = c.uid  ORDER BY a.create_time desc LIMIT 0,2   [ RunTime:0.002657s ]
SQL: SHOW COLUMNS FROM `robam_orders_detail` [ RunTime:0.002247s ]
SQL: SELECT * FROM `robam_orders_detail` WHERE ( order_id='ROBAM111509451521073' )  [ RunTime:0.001206s ]
SQL: SELECT * FROM `robam_orders_detail` WHERE ( order_id='ROBAM111509444111311' )  [ RunTime:0.001218s ]
SQL: SELECT COUNT(*) AS tp_count FROM robam_orders a LIMIT 1   [ RunTime:0.001084s ]
INFO: [ view_parse ] --START--
INFO: [ template_filter ] --START--
INFO: Run Behavior\ContentReplace [ RunTime:0.000228s ]
INFO: [ template_filter ] --END-- [ RunTime:0.000316s ]
NOTIC: [8] Undefined index: order_time /www/Runtime/Cache/Admin/d70e8667642e23ac9b51b6ef7656a2da.php 第 277 行.
NOTIC: [8] Undefined index: order_time /www/Runtime/Cache/Admin/d70e8667642e23ac9b51b6ef7656a2da.php 第 277 行.
INFO: Run Behavior\ParseTemplate [ RunTime:0.019086s ]
INFO: [ view_parse ] --END-- [ RunTime:0.019138s ]
INFO: [ view_filter ] --START--
INFO: Run Behavior\WriteHtmlCache [ RunTime:0.000058s ]
INFO: [ view_filter ] --END-- [ RunTime:0.000097s ]
INFO: [ app_end ] --START--
INFO: Run Behavior\ShowPageTrace [ RunTime:0.000032s ]
INFO: [ app_end ] --END-- [ RunTime:0.000067s ]

[ 2018-11-17T09:25:28+08:00 ] 58.240.235.34 /index.php?m=Admin&c=notice&a=index
SQL: SHOW COLUMNS FROM `robam_menu` [ RunTime:0.001514s ]
SQL: SELECT * FROM `robam_menu` WHERE ( `pid` = 0 ) AND ( `hide` = 0 ) ORDER BY sort asc  [ RunTime:0.001221s ]
SQL: SELECT `id` FROM `robam_menu` WHERE ( url like '%Notice/index%' ) LIMIT 1   [ RunTime:0.001185s ]
SQL: SHOW COLUMNS FROM `robam_menu` [ RunTime:0.001305s ]
SQL: SELECT `id`,`pid`,`title` FROM `robam_menu` WHERE ( id=138 ) LIMIT 1   [ RunTime:0.001091s ]
SQL: SELECT DISTINCT  `group` FROM `robam_menu` WHERE ( pid = 138 )  [ RunTime:0.001126s ]
SQL: SELECT `id`,`url` FROM `robam_menu` WHERE ( `pid` = 138 ) AND ( `hide` = 0 )  [ RunTime:0.001096s ]
SQL: SELECT `id`,`pid`,`title`,`url`,`tip` FROM `robam_menu` WHERE ( `group` = '公告管理' ) AND ( `pid` = 138 ) AND ( `hide` = 0 ) ORDER BY sort asc  [ RunTime:0.001235s ]
SQL: SHOW COLUMNS FROM `robam_shop_notice` [ RunTime:0.002292s ]
SQL: SELECT * FROM `robam_shop_notice` WHERE ( status=1 and user_id=0 ) ORDER BY create_time  [ RunTime:0.001108s ]
INFO: [ view_parse ] --START--
INFO: [ template_filter ] --START--
INFO: Run Behavior\ContentReplace [ RunTime:0.000096s ]
INFO: [ template_filter ] --END-- [ RunTime:0.000136s ]
NOTIC: [8] Undefined variable: _page /www/Runtime/Cache/Admin/8bf6ffc0b643909929bdce2b422ff961.php 第 130 行.
INFO: Run Behavior\ParseTemplate [ RunTime:0.006951s ]
INFO: [ view_parse ] --END-- [ RunTime:0.006985s ]
INFO: [ view_filter ] --START--
INFO: Run Behavior\WriteHtmlCache [ RunTime:0.000029s ]
INFO: [ view_filter ] --END-- [ RunTime:0.000050s ]
INFO: [ app_end ] --START--
INFO: Run Behavior\ShowPageTrace [ RunTime:0.000024s ]
INFO: [ app_end ] --END-- [ RunTime:0.000075s ]

[ 2018-11-17T09:25:29+08:00 ] 58.240.235.34 /index.php?m=Admin&c=marketing&a=index
SQL: SHOW COLUMNS FROM `robam_menu` [ RunTime:0.001488s ]
SQL: SELECT * FROM `robam_menu` WHERE ( `pid` = 0 ) AND ( `hide` = 0 ) ORDER BY sort asc  [ RunTime:0.001229s ]
SQL: SELECT `id` FROM `robam_menu` WHERE ( url like '%Marketing/index%' ) LIMIT 1   [ RunTime:0.001171s ]
SQL: SHOW COLUMNS FROM `robam_menu` [ RunTime:0.001366s ]
SQL: SELECT `id`,`pid`,`title` FROM `robam_menu` WHERE ( id=139 ) LIMIT 1   [ RunTime:0.001064s ]
SQL: SELECT DISTINCT  `group` FROM `robam_menu` WHERE ( pid = 139 )  [ RunTime:0.001117s ]
SQL: SELECT `id`,`url` FROM `robam_menu` WHERE ( `pid` = 139 ) AND ( `hide` = 0 )  [ RunTime:0.001043s ]
SQL: SELECT `id`,`pid`,`title`,`url`,`tip` FROM `robam_menu` WHERE ( `group` = '首页管理' ) AND ( `pid` = 139 ) AND ( `hide` = 0 ) ORDER BY sort asc  [ RunTime:0.001117s ]
SQL: SELECT `id`,`pid`,`title`,`url`,`tip` FROM `robam_menu` WHERE ( `group` = '物流管理' ) AND ( `pid` = 139 ) AND ( `hide` = 0 ) ORDER BY sort asc  [ RunTime:0.001099s ]
SQL: SHOW COLUMNS FROM `robam_shop_home` [ RunTime:0.002496s ]
SQL: SELECT * FROM `robam_shop_home` WHERE ( status=1 ) LIMIT 1   [ RunTime:0.001127s ]
INFO: [ view_parse ] --START--
INFO: [ template_filter ] --START--
INFO: Run Behavior\ContentReplace [ RunTime:0.000149s ]
INFO: [ template_filter ] --END-- [ RunTime:0.000189s ]
INFO: Run Behavior\ParseTemplate [ RunTime:0.008704s ]
INFO: [ view_parse ] --END-- [ RunTime:0.008746s ]
INFO: [ view_filter ] --START--
INFO: Run Behavior\WriteHtmlCache [ RunTime:0.000035s ]
INFO: [ view_filter ] --END-- [ RunTime:0.000057s ]
INFO: [ app_end ] --START--
INFO: Run Behavior\ShowPageTrace [ RunTime:0.000039s ]
INFO: [ app_end ] --END-- [ RunTime:0.000065s ]

[ 2018-11-17T09:25:29+08:00 ] 58.240.235.34 /index.php?m=Admin&c=Config&a=group
SQL: SHOW COLUMNS FROM `robam_menu` [ RunTime:0.001427s ]
SQL: SELECT * FROM `robam_menu` WHERE ( `pid` = 0 ) AND ( `hide` = 0 ) ORDER BY sort asc  [ RunTime:0.001219s ]
SQL: SELECT `id` FROM `robam_menu` WHERE ( url like '%Config/group%' ) LIMIT 1   [ RunTime:0.001059s ]
SQL: SHOW COLUMNS FROM `robam_menu` [ RunTime:0.001253s ]
SQL: SELECT `id`,`pid`,`title` FROM `robam_menu` WHERE ( id=68 ) LIMIT 1   [ RunTime:0.001122s ]
SQL: SELECT DISTINCT  `group` FROM `robam_menu` WHERE ( pid = 68 )  [ RunTime:0.001117s ]
SQL: SELECT `id`,`url` FROM `robam_menu` WHERE ( `pid` = 68 ) AND ( `hide` = 0 )  [ RunTime:0.001075s ]
SQL: SELECT `id`,`pid`,`title`,`url`,`tip` FROM `robam_menu` WHERE ( `group` = '系统设置' ) AND ( `pid` = 68 ) AND ( `hide` = 0 ) ORDER BY sort asc  [ RunTime:0.001101s ]
SQL: SELECT `id`,`pid`,`title`,`url`,`tip` FROM `robam_menu` WHERE ( `group` = '' ) AND ( `pid` = 68 ) AND ( `hide` = 0 ) ORDER BY sort asc  [ RunTime:0.001105s ]
SQL: SELECT `id`,`pid`,`title`,`url`,`tip` FROM `robam_menu` WHERE ( `group` = '数据备份' ) AND ( `pid` = 68 ) AND ( `hide` = 0 ) ORDER BY sort asc  [ RunTime:0.001255s ]
SQL: SHOW COLUMNS FROM `robam_config` [ RunTime:0.002882s ]
SQL: SELECT `id`,`name`,`title`,`extra`,`value`,`remark`,`type` FROM `robam_config` WHERE ( `status` = 1 ) AND ( `group` = 1 ) ORDER BY sort  [ RunTime:0.001676s ]
INFO: [ view_parse ] --START--
INFO: [ template_filter ] --START--
INFO: Run Behavior\ContentReplace [ RunTime:0.000116s ]
INFO: [ template_filter ] --END-- [ RunTime:0.000160s ]
INFO: Run Behavior\ParseTemplate [ RunTime:0.008922s ]
INFO: [ view_parse ] --END-- [ RunTime:0.008963s ]
INFO: [ view_filter ] --START--
INFO: Run Behavior\WriteHtmlCache [ RunTime:0.000031s ]
INFO: [ view_filter ] --END-- [ RunTime:0.000054s ]
INFO: [ app_end ] --START--
INFO: Run Behavior\ShowPageTrace [ RunTime:0.000023s ]
INFO: [ app_end ] --END-- [ RunTime:0.000046s ]

[ 2018-11-17T09:25:30+08:00 ] 58.240.235.34 /index.php?m=Admin&c=Index&a=index
SQL: SHOW COLUMNS FROM `robam_menu` [ RunTime:0.001524s ]
SQL: SELECT * FROM `robam_menu` WHERE ( `pid` = 0 ) AND ( `hide` = 0 ) ORDER BY sort asc  [ RunTime:0.001245s ]
SQL: SELECT `id` FROM `robam_menu` WHERE ( url like '%Index/index%' ) LIMIT 1   [ RunTime:0.001108s ]
SQL: SHOW COLUMNS FROM `robam_menu` [ RunTime:0.001245s ]
SQL: SELECT `id`,`pid`,`title` FROM `robam_menu` WHERE ( id=1 ) LIMIT 1   [ RunTime:0.001109s ]
SQL: SELECT DISTINCT  `group` FROM `robam_menu` WHERE ( pid = 1 )  [ RunTime:0.001124s ]
SQL: SELECT `id`,`url` FROM `robam_menu` WHERE ( `pid` = 1 ) AND ( `hide` = 0 )  [ RunTime:0.001077s ]
INFO: [ view_parse ] --START--
INFO: [ template_filter ] --START--
INFO: Run Behavior\ContentReplace [ RunTime:0.000077s ]
INFO: [ template_filter ] --END-- [ RunTime:0.000114s ]
SQL: SHOW COLUMNS FROM `robam_ucenter_member` [ RunTime:0.001431s ]
SQL: SELECT COUNT(*) AS tp_count FROM `robam_ucenter_member` WHERE ( id>2 and status=1 ) LIMIT 1   [ RunTime:0.001126s ]
SQL: SHOW COLUMNS FROM `robam_shop_goods` [ RunTime:0.001363s ]
SQL: SELECT COUNT(*) AS tp_count FROM `robam_shop_goods` WHERE ( status=2 ) LIMIT 1   [ RunTime:0.001164s ]
SQL: SHOW COLUMNS FROM `robam_orders` [ RunTime:0.001307s ]
NOTIC: [2] Missing argument 1 for Think\Model::where(), called in /www/Application/Admin/Common/function.php on line 406 and defined /www/ThinkPHP/Library/Think/Model.class.php 第 1576 行.
NOTIC: [8] Undefined variable: where /www/ThinkPHP/Library/Think/Model.class.php 第 1584 行.
NOTIC: [8] Undefined variable: where /www/ThinkPHP/Library/Think/Model.class.php 第 1587 行.
NOTIC: [8] Undefined variable: where /www/ThinkPHP/Library/Think/Model.class.php 第 1595 行.
SQL: SELECT COUNT(*) AS tp_count FROM `robam_orders` LIMIT 1   [ RunTime:0.001060s ]
SQL: SELECT SUM(price_order) AS tp_sum FROM `robam_orders` WHERE ( status=3 ) LIMIT 1   [ RunTime:0.001101s ]
SQL: SELECT SUM(reward) AS tp_sum FROM `robam_orders` WHERE ( status=3 ) LIMIT 1   [ RunTime:0.001071s ]
ERR: 1054:Unknown column 'reward' in 'field list'
 [ SQL语句 ] : SELECT SUM(reward) AS tp_sum FROM `robam_orders` WHERE ( status=3 ) LIMIT 1  
INFO: Run Behavior\ParseTemplate [ RunTime:0.016232s ]
INFO: [ view_parse ] --END-- [ RunTime:0.016315s ]
INFO: [ view_filter ] --START--
INFO: Run Behavior\WriteHtmlCache [ RunTime:0.000056s ]
INFO: [ view_filter ] --END-- [ RunTime:0.000101s ]
INFO: [ app_end ] --START--
INFO: Run Behavior\ShowPageTrace [ RunTime:0.000059s ]
INFO: [ app_end ] --END-- [ RunTime:0.000108s ]

[ 2018-11-17T16:32:55+08:00 ] 58.240.235.34 /index.php?m=Admin&c=Public&a=login
INFO: [ view_parse ] --START--
INFO: [ template_filter ] --START--
INFO: Run Behavior\ContentReplace [ RunTime:0.000042s ]
INFO: [ template_filter ] --END-- [ RunTime:0.000075s ]
INFO: Run Behavior\ParseTemplate [ RunTime:0.001718s ]
INFO: [ view_parse ] --END-- [ RunTime:0.001770s ]
INFO: [ view_filter ] --START--
INFO: Run Behavior\WriteHtmlCache [ RunTime:0.000030s ]
INFO: [ view_filter ] --END-- [ RunTime:0.000051s ]
INFO: [ app_end ] --START--
INFO: Run Behavior\ShowPageTrace [ RunTime:0.000024s ]
INFO: [ app_end ] --END-- [ RunTime:0.000046s ]

