[ 2018-11-23T14:30:52+08:00 ] 49.95.108.226 /index.php?m=Admin&c=Public&a=login
INFO: [ view_parse ] --START--
INFO: [ template_filter ] --START--
INFO: Run Behavior\ContentReplace [ RunTime:0.000040s ]
INFO: [ template_filter ] --END-- [ RunTime:0.000073s ]
INFO: Run Behavior\ParseTemplate [ RunTime:0.001716s ]
INFO: [ view_parse ] --END-- [ RunTime:0.001762s ]
INFO: [ view_filter ] --START--
INFO: Run Behavior\WriteHtmlCache [ RunTime:0.000030s ]
INFO: [ view_filter ] --END-- [ RunTime:0.000051s ]
INFO: [ app_end ] --START--
INFO: Run Behavior\ShowPageTrace [ RunTime:0.000024s ]
INFO: [ app_end ] --END-- [ RunTime:0.000045s ]

[ 2018-11-23T14:31:02+08:00 ] 49.95.108.226 /index.php?m=Admin&c=Public&a=login
INFO: [ app_begin ] --START--
INFO: Run Behavior\ReadHtmlCache [ RunTime:0.000024s ]
INFO: [ app_begin ] --END-- [ RunTime:0.000070s ]
SQL: SHOW COLUMNS FROM `robam_ucenter_member` [ RunTime:0.001598s ]
SQL: SELECT * FROM `robam_ucenter_member` WHERE ( `username` = 'administrator' ) LIMIT 1   [ RunTime:0.001096s ]
SQL: UPDATE `robam_ucenter_member` SET `last_login_time`=1542954662,`last_login_ip`='828337378' WHERE ( `id` = 1 ) [ RunTime:0.002034s ]
SQL: SHOW COLUMNS FROM `robam_member` [ RunTime:0.001640s ]
SQL: SELECT `uid`,`nickname`,`sex`,`birthday`,`qq`,`score`,`openid`,`login`,`reg_ip`,`reg_time`,`last_login_ip`,`last_login_time`,`status`,`type`,`company`,`area`,`bank_name`,`bank_open_name`,`bank_card`,`update_time`,`leader`,`leader_phone` FROM `robam_member` WHERE ( `uid` = 1 ) LIMIT 1   [ RunTime:0.001154s ]
SQL: SHOW COLUMNS FROM `robam_action` [ RunTime:0.001270s ]
SQL: SELECT * FROM `robam_action` WHERE ( `name` = 'user_login' ) LIMIT 1   [ RunTime:0.001052s ]
SQL: SHOW COLUMNS FROM `robam_action_log` [ RunTime:0.001219s ]
SQL: INSERT INTO `robam_action_log` (`action_id`,`user_id`,`action_ip`,`model`,`record_id`,`create_time`,`remark`) VALUES (1,1,828337378,'member',1,1542954662,'管理员在2018-11-23 14:31登录了后台') [ RunTime:0.001899s ]
SQL: SELECT * FROM `robam_action` WHERE ( `name` = 'user_login' ) LIMIT 1   [ RunTime:0.001069s ]
NOTIC: [8] Undefined offset: 1 /www/Application/Common/Common/function.php 第 665 行.
NOTIC: [2] array_key_exists() expects parameter 2 to be array, null given /www/Application/Common/Common/function.php 第 665 行.
SQL: SELECT COUNT(*) AS tp_count FROM `robam_action_log` WHERE ( `action_id` = 1 ) AND ( `user_id` = 1 ) AND ( `create_time` > 1542868262 ) LIMIT 1   [ RunTime:0.001441s ]
SQL: UPDATE `robam_member` SET `login`=`login`+1,`last_login_time`=1542954662,`last_login_ip`='828337378' WHERE ( `uid` = 1 ) [ RunTime:0.004106s ]

[ 2018-11-23T14:31:02+08:00 ] 49.95.108.226 /index.php?m=Admin&c=Index&a=index
SQL: SHOW COLUMNS FROM `robam_menu` [ RunTime:0.001513s ]
SQL: SELECT * FROM `robam_menu` WHERE ( `pid` = 0 ) AND ( `hide` = 0 ) ORDER BY sort asc  [ RunTime:0.001323s ]
SQL: SELECT `id` FROM `robam_menu` WHERE ( url like '%Index/index%' ) LIMIT 1   [ RunTime:0.001214s ]
SQL: SHOW COLUMNS FROM `robam_menu` [ RunTime:0.001308s ]
SQL: SELECT `id`,`pid`,`title` FROM `robam_menu` WHERE ( id=1 ) LIMIT 1   [ RunTime:0.001183s ]
SQL: SELECT DISTINCT  `group` FROM `robam_menu` WHERE ( pid = 1 )  [ RunTime:0.001122s ]
SQL: SELECT `id`,`url` FROM `robam_menu` WHERE ( `pid` = 1 ) AND ( `hide` = 0 )  [ RunTime:0.001477s ]
INFO: [ view_parse ] --START--
INFO: [ template_filter ] --START--
INFO: Run Behavior\ContentReplace [ RunTime:0.000079s ]
INFO: [ template_filter ] --END-- [ RunTime:0.000118s ]
SQL: SHOW COLUMNS FROM `robam_ucenter_member` [ RunTime:0.001594s ]
SQL: SELECT COUNT(*) AS tp_count FROM `robam_ucenter_member` WHERE ( id>2 and status=1 ) LIMIT 1   [ RunTime:0.001240s ]
SQL: SHOW COLUMNS FROM `robam_shop_goods` [ RunTime:0.001329s ]
SQL: SELECT COUNT(*) AS tp_count FROM `robam_shop_goods` WHERE ( status=2 ) LIMIT 1   [ RunTime:0.001162s ]
SQL: SHOW COLUMNS FROM `robam_orders` [ RunTime:0.001353s ]
NOTIC: [2] Missing argument 1 for Think\Model::where(), called in /www/Application/Admin/Common/function.php on line 406 and defined /www/ThinkPHP/Library/Think/Model.class.php 第 1576 行.
NOTIC: [8] Undefined variable: where /www/ThinkPHP/Library/Think/Model.class.php 第 1584 行.
NOTIC: [8] Undefined variable: where /www/ThinkPHP/Library/Think/Model.class.php 第 1587 行.
NOTIC: [8] Undefined variable: where /www/ThinkPHP/Library/Think/Model.class.php 第 1595 行.
SQL: SELECT COUNT(*) AS tp_count FROM `robam_orders` LIMIT 1   [ RunTime:0.001074s ]
SQL: SELECT SUM(price_order) AS tp_sum FROM `robam_orders` WHERE ( status=3 ) LIMIT 1   [ RunTime:0.001171s ]
SQL: SELECT SUM(reward) AS tp_sum FROM `robam_orders` WHERE ( status=3 ) LIMIT 1   [ RunTime:0.001042s ]
ERR: 1054:Unknown column 'reward' in 'field list'
 [ SQL语句 ] : SELECT SUM(reward) AS tp_sum FROM `robam_orders` WHERE ( status=3 ) LIMIT 1  
INFO: Run Behavior\ParseTemplate [ RunTime:0.016980s ]
INFO: [ view_parse ] --END-- [ RunTime:0.017028s ]
INFO: [ view_filter ] --START--
INFO: Run Behavior\WriteHtmlCache [ RunTime:0.000049s ]
INFO: [ view_filter ] --END-- [ RunTime:0.000090s ]
INFO: [ app_end ] --START--
INFO: Run Behavior\ShowPageTrace [ RunTime:0.000047s ]
INFO: [ app_end ] --END-- [ RunTime:0.000094s ]

[ 2018-11-23T14:31:04+08:00 ] 49.95.108.226 /index.php?m=Admin&c=Goods&a=index&status=2
SQL: SHOW COLUMNS FROM `robam_menu` [ RunTime:0.001492s ]
SQL: SELECT * FROM `robam_menu` WHERE ( `pid` = 0 ) AND ( `hide` = 0 ) ORDER BY sort asc  [ RunTime:0.001316s ]
SQL: SELECT `id` FROM `robam_menu` WHERE ( url like '%Goods/index%' ) LIMIT 1   [ RunTime:0.001220s ]
SQL: SHOW COLUMNS FROM `robam_menu` [ RunTime:0.001366s ]
SQL: SELECT `id`,`pid`,`title` FROM `robam_menu` WHERE ( id=129 ) LIMIT 1   [ RunTime:0.001110s ]
SQL: SELECT DISTINCT  `group` FROM `robam_menu` WHERE ( pid = 129 )  [ RunTime:0.001193s ]
SQL: SELECT `id`,`url` FROM `robam_menu` WHERE ( `pid` = 129 ) AND ( `hide` = 0 )  [ RunTime:0.001256s ]
SQL: SELECT `id`,`pid`,`title`,`url`,`tip` FROM `robam_menu` WHERE ( `group` = '商品管理' ) AND ( `pid` = 129 ) AND ( `hide` = 0 ) ORDER BY sort asc  [ RunTime:0.001218s ]
SQL: SELECT `id`,`pid`,`title`,`url`,`tip` FROM `robam_menu` WHERE ( `group` = '价格管理' ) AND ( `pid` = 129 ) AND ( `hide` = 0 ) ORDER BY sort asc  [ RunTime:0.001133s ]
SQL: SELECT `id`,`pid`,`title`,`url`,`tip` FROM `robam_menu` WHERE ( `group` = '奖励管理' ) AND ( `pid` = 129 ) AND ( `hide` = 0 ) ORDER BY sort asc  [ RunTime:0.001118s ]
SQL: SELECT `id`,`pid`,`title`,`url`,`tip` FROM `robam_menu` WHERE ( `group` = '活动管理' ) AND ( `pid` = 129 ) AND ( `hide` = 0 ) ORDER BY sort asc  [ RunTime:0.001125s ]
NOTIC: [8] Undefined index: p /www/Application/Admin/Controller/GoodsController.class.php 第 25 行.
SQL: SHOW COLUMNS FROM `robam_shop_goods` [ RunTime:0.001483s ]
SQL: SELECT COUNT(*) AS tp_count FROM `robam_shop_goods` WHERE ( `status` = 2 ) LIMIT 1   [ RunTime:0.001176s ]
SQL: SELECT * FROM `robam_shop_goods` WHERE ( `status` = 2 ) ORDER BY create_time desc,category_id LIMIT 0,10   [ RunTime:0.004788s ]
SQL: SHOW COLUMNS FROM `robam_shop_category` [ RunTime:0.002773s ]
SQL: SELECT * FROM `robam_shop_category` WHERE ( status=1 )  [ RunTime:0.001233s ]
INFO: [ view_parse ] --START--
INFO: [ template_filter ] --START--
INFO: Run Behavior\ContentReplace [ RunTime:0.000129s ]
INFO: [ template_filter ] --END-- [ RunTime:0.000177s ]
SQL: SELECT * FROM `robam_shop_category` WHERE ( id=2 ) LIMIT 1   [ RunTime:0.001403s ]
SQL: SELECT * FROM `robam_shop_category` WHERE ( id=2 ) LIMIT 1   [ RunTime:0.001090s ]
SQL: SELECT * FROM `robam_shop_category` WHERE ( id=2 ) LIMIT 1   [ RunTime:0.001068s ]
SQL: SELECT * FROM `robam_shop_category` WHERE ( id=2 ) LIMIT 1   [ RunTime:0.001146s ]
SQL: SELECT * FROM `robam_shop_category` WHERE ( id=2 ) LIMIT 1   [ RunTime:0.001092s ]
SQL: SELECT * FROM `robam_shop_category` WHERE ( id=2 ) LIMIT 1   [ RunTime:0.001063s ]
SQL: SELECT * FROM `robam_shop_category` WHERE ( id=1 ) LIMIT 1   [ RunTime:0.001187s ]
SQL: SELECT * FROM `robam_shop_category` WHERE ( id=1 ) LIMIT 1   [ RunTime:0.001192s ]
SQL: SELECT * FROM `robam_shop_category` WHERE ( id=1 ) LIMIT 1   [ RunTime:0.001092s ]
SQL: SELECT * FROM `robam_shop_category` WHERE ( id=1 ) LIMIT 1   [ RunTime:0.001068s ]
INFO: Run Behavior\ParseTemplate [ RunTime:0.022415s ]
INFO: [ view_parse ] --END-- [ RunTime:0.022454s ]
INFO: [ view_filter ] --START--
INFO: Run Behavior\WriteHtmlCache [ RunTime:0.000046s ]
INFO: [ view_filter ] --END-- [ RunTime:0.000069s ]
INFO: [ app_end ] --START--
INFO: Run Behavior\ShowPageTrace [ RunTime:0.000026s ]
INFO: [ app_end ] --END-- [ RunTime:0.000054s ]

[ 2018-11-23T14:31:05+08:00 ] 49.95.108.226 /index.php?m=Admin&c=User&a=index
SQL: SHOW COLUMNS FROM `robam_menu` [ RunTime:0.001836s ]
SQL: SELECT * FROM `robam_menu` WHERE ( `pid` = 0 ) AND ( `hide` = 0 ) ORDER BY sort asc  [ RunTime:0.001195s ]
SQL: SELECT `id` FROM `robam_menu` WHERE ( url like '%User/index%' ) LIMIT 1   [ RunTime:0.001058s ]
SQL: SHOW COLUMNS FROM `robam_menu` [ RunTime:0.001475s ]
SQL: SELECT `id`,`pid`,`title` FROM `robam_menu` WHERE ( id=16 ) LIMIT 1   [ RunTime:0.001024s ]
SQL: SELECT DISTINCT  `group` FROM `robam_menu` WHERE ( pid = 16 )  [ RunTime:0.002039s ]
SQL: SELECT `id`,`url` FROM `robam_menu` WHERE ( `pid` = 16 ) AND ( `hide` = 0 )  [ RunTime:0.001041s ]
SQL: SELECT `id`,`pid`,`title`,`url`,`tip` FROM `robam_menu` WHERE ( `group` = '渠道商管理' ) AND ( `pid` = 16 ) AND ( `hide` = 0 ) ORDER BY sort asc  [ RunTime:0.001103s ]
SQL: SELECT `id`,`pid`,`title`,`url`,`tip` FROM `robam_menu` WHERE ( `group` = '行为管理' ) AND ( `pid` = 16 ) AND ( `hide` = 0 ) ORDER BY sort asc  [ RunTime:0.001386s ]
SQL: SELECT `id`,`pid`,`title`,`url`,`tip` FROM `robam_menu` WHERE ( `group` = '后台人员管理' ) AND ( `pid` = 16 ) AND ( `hide` = 0 ) ORDER BY sort asc  [ RunTime:0.001137s ]
SQL: SELECT `id`,`pid`,`title`,`url`,`tip` FROM `robam_menu` WHERE ( `group` = '' ) AND ( `pid` = 16 ) AND ( `hide` = 0 ) ORDER BY sort asc  [ RunTime:0.001290s ]
SQL: SHOW COLUMNS FROM `robam_ucenter_member` [ RunTime:0.001314s ]
SQL: SELECT * FROM robam_ucenter_member a INNER JOIN robam_member as b on a.id=b.uid  WHERE ( b.status >= 0 ) AND ( `nickname` LIKE '%%' ) AND ( `id` > 1 ) AND ( a.status = 1 )  [ RunTime:0.001274s ]
INFO: [ view_parse ] --START--
INFO: [ template_filter ] --START--
INFO: Run Behavior\ContentReplace [ RunTime:0.000100s ]
INFO: [ template_filter ] --END-- [ RunTime:0.000138s ]
NOTIC: [8] Undefined variable: _page /www/Runtime/Cache/Admin/65e605872ed5d34210f5b33beb13f5a3.php 第 147 行.
INFO: Run Behavior\ParseTemplate [ RunTime:0.008432s ]
INFO: [ view_parse ] --END-- [ RunTime:0.008469s ]
INFO: [ view_filter ] --START--
INFO: Run Behavior\WriteHtmlCache [ RunTime:0.000032s ]
INFO: [ view_filter ] --END-- [ RunTime:0.000054s ]
INFO: [ app_end ] --START--
INFO: Run Behavior\ShowPageTrace [ RunTime:0.000029s ]
INFO: [ app_end ] --END-- [ RunTime:0.000063s ]

[ 2018-11-23T14:31:46+08:00 ] 49.95.108.226 /index.php?m=Admin&c=User&a=changeStatus&method=deleteuser&id=41
INFO: [ app_begin ] --START--
INFO: Run Behavior\ReadHtmlCache [ RunTime:0.000026s ]
INFO: [ app_begin ] --END-- [ RunTime:0.000070s ]
SQL: SHOW COLUMNS FROM `robam_menu` [ RunTime:0.001562s ]
SQL: SELECT * FROM `robam_menu` WHERE ( `pid` = 0 ) AND ( `hide` = 0 ) ORDER BY sort asc  [ RunTime:0.001348s ]
SQL: SELECT `id` FROM `robam_menu` WHERE ( url like '%User/changestatus%' ) LIMIT 1   [ RunTime:0.001150s ]
SQL: SHOW COLUMNS FROM `robam_menu` [ RunTime:0.001341s ]
SQL: SELECT `id`,`pid`,`title` FROM `robam_menu` WHERE ( id=24 ) LIMIT 1   [ RunTime:0.001103s ]
SQL: SELECT `id`,`pid`,`title` FROM `robam_menu` WHERE ( id=19 ) LIMIT 1   [ RunTime:0.001125s ]
SQL: SELECT `id`,`pid`,`title` FROM `robam_menu` WHERE ( id=16 ) LIMIT 1   [ RunTime:0.001051s ]
SQL: SELECT DISTINCT  `group` FROM `robam_menu` WHERE ( pid = 16 )  [ RunTime:0.001190s ]
SQL: SELECT `id`,`url` FROM `robam_menu` WHERE ( `pid` = 16 ) AND ( `hide` = 0 )  [ RunTime:0.001248s ]
SQL: SELECT `id`,`pid`,`title`,`url`,`tip` FROM `robam_menu` WHERE ( `group` = '渠道商管理' ) AND ( `pid` = 16 ) AND ( `hide` = 0 ) ORDER BY sort asc  [ RunTime:0.001233s ]
SQL: SELECT `id`,`pid`,`title`,`url`,`tip` FROM `robam_menu` WHERE ( `group` = '行为管理' ) AND ( `pid` = 16 ) AND ( `hide` = 0 ) ORDER BY sort asc  [ RunTime:0.001174s ]
SQL: SELECT `id`,`pid`,`title`,`url`,`tip` FROM `robam_menu` WHERE ( `group` = '后台人员管理' ) AND ( `pid` = 16 ) AND ( `hide` = 0 ) ORDER BY sort asc  [ RunTime:0.001176s ]
SQL: SELECT `id`,`pid`,`title`,`url`,`tip` FROM `robam_menu` WHERE ( `group` = '' ) AND ( `pid` = 16 ) AND ( `hide` = 0 ) ORDER BY sort asc  [ RunTime:0.001144s ]
SQL: SHOW COLUMNS FROM `robam_member` [ RunTime:0.001613s ]
SQL: UPDATE `robam_member` SET `status`=-1,`update_time`=1542954706 WHERE ( `uid` IN ('41') ) [ RunTime:0.002206s ]

[ 2018-11-23T14:31:47+08:00 ] 49.95.108.226 /index.php?m=Admin&c=User&a=index
SQL: SHOW COLUMNS FROM `robam_menu` [ RunTime:0.001397s ]
SQL: SELECT * FROM `robam_menu` WHERE ( `pid` = 0 ) AND ( `hide` = 0 ) ORDER BY sort asc  [ RunTime:0.001173s ]
SQL: SELECT `id` FROM `robam_menu` WHERE ( url like '%User/index%' ) LIMIT 1   [ RunTime:0.001028s ]
SQL: SHOW COLUMNS FROM `robam_menu` [ RunTime:0.001157s ]
SQL: SELECT `id`,`pid`,`title` FROM `robam_menu` WHERE ( id=16 ) LIMIT 1   [ RunTime:0.001016s ]
SQL: SELECT DISTINCT  `group` FROM `robam_menu` WHERE ( pid = 16 )  [ RunTime:0.001071s ]
SQL: SELECT `id`,`url` FROM `robam_menu` WHERE ( `pid` = 16 ) AND ( `hide` = 0 )  [ RunTime:0.001015s ]
SQL: SELECT `id`,`pid`,`title`,`url`,`tip` FROM `robam_menu` WHERE ( `group` = '渠道商管理' ) AND ( `pid` = 16 ) AND ( `hide` = 0 ) ORDER BY sort asc  [ RunTime:0.001075s ]
SQL: SELECT `id`,`pid`,`title`,`url`,`tip` FROM `robam_menu` WHERE ( `group` = '行为管理' ) AND ( `pid` = 16 ) AND ( `hide` = 0 ) ORDER BY sort asc  [ RunTime:0.001113s ]
SQL: SELECT `id`,`pid`,`title`,`url`,`tip` FROM `robam_menu` WHERE ( `group` = '后台人员管理' ) AND ( `pid` = 16 ) AND ( `hide` = 0 ) ORDER BY sort asc  [ RunTime:0.001033s ]
SQL: SELECT `id`,`pid`,`title`,`url`,`tip` FROM `robam_menu` WHERE ( `group` = '' ) AND ( `pid` = 16 ) AND ( `hide` = 0 ) ORDER BY sort asc  [ RunTime:0.001054s ]
SQL: SHOW COLUMNS FROM `robam_ucenter_member` [ RunTime:0.001215s ]
SQL: SELECT * FROM robam_ucenter_member a INNER JOIN robam_member as b on a.id=b.uid  WHERE ( b.status >= 0 ) AND ( `nickname` LIKE '%%' ) AND ( `id` > 1 ) AND ( a.status = 1 )  [ RunTime:0.001267s ]
INFO: [ view_parse ] --START--
INFO: [ template_filter ] --START--
INFO: Run Behavior\ContentReplace [ RunTime:0.000101s ]
INFO: [ template_filter ] --END-- [ RunTime:0.000147s ]
NOTIC: [8] Undefined variable: _page /www/Runtime/Cache/Admin/65e605872ed5d34210f5b33beb13f5a3.php 第 147 行.
INFO: Run Behavior\ParseTemplate [ RunTime:0.008187s ]
INFO: [ view_parse ] --END-- [ RunTime:0.008223s ]
INFO: [ view_filter ] --START--
INFO: Run Behavior\WriteHtmlCache [ RunTime:0.000031s ]
INFO: [ view_filter ] --END-- [ RunTime:0.000053s ]
INFO: [ app_end ] --START--
INFO: Run Behavior\ShowPageTrace [ RunTime:0.000027s ]
INFO: [ app_end ] --END-- [ RunTime:0.000051s ]

[ 2018-11-23T14:31:49+08:00 ] 49.95.108.226 /index.php?m=Admin&c=User&a=changeStatus&method=deleteuser&id=40
INFO: [ app_begin ] --START--
INFO: Run Behavior\ReadHtmlCache [ RunTime:0.000041s ]
INFO: [ app_begin ] --END-- [ RunTime:0.000084s ]
SQL: SHOW COLUMNS FROM `robam_menu` [ RunTime:0.001288s ]
SQL: SELECT * FROM `robam_menu` WHERE ( `pid` = 0 ) AND ( `hide` = 0 ) ORDER BY sort asc  [ RunTime:0.001098s ]
SQL: SELECT `id` FROM `robam_menu` WHERE ( url like '%User/changestatus%' ) LIMIT 1   [ RunTime:0.001145s ]
SQL: SHOW COLUMNS FROM `robam_menu` [ RunTime:0.001075s ]
SQL: SELECT `id`,`pid`,`title` FROM `robam_menu` WHERE ( id=24 ) LIMIT 1   [ RunTime:0.000961s ]
SQL: SELECT `id`,`pid`,`title` FROM `robam_menu` WHERE ( id=19 ) LIMIT 1   [ RunTime:0.000912s ]
SQL: SELECT `id`,`pid`,`title` FROM `robam_menu` WHERE ( id=16 ) LIMIT 1   [ RunTime:0.000909s ]
SQL: SELECT DISTINCT  `group` FROM `robam_menu` WHERE ( pid = 16 )  [ RunTime:0.000976s ]
SQL: SELECT `id`,`url` FROM `robam_menu` WHERE ( `pid` = 16 ) AND ( `hide` = 0 )  [ RunTime:0.000941s ]
SQL: SELECT `id`,`pid`,`title`,`url`,`tip` FROM `robam_menu` WHERE ( `group` = '渠道商管理' ) AND ( `pid` = 16 ) AND ( `hide` = 0 ) ORDER BY sort asc  [ RunTime:0.000989s ]
SQL: SELECT `id`,`pid`,`title`,`url`,`tip` FROM `robam_menu` WHERE ( `group` = '行为管理' ) AND ( `pid` = 16 ) AND ( `hide` = 0 ) ORDER BY sort asc  [ RunTime:0.000962s ]
SQL: SELECT `id`,`pid`,`title`,`url`,`tip` FROM `robam_menu` WHERE ( `group` = '后台人员管理' ) AND ( `pid` = 16 ) AND ( `hide` = 0 ) ORDER BY sort asc  [ RunTime:0.000985s ]
SQL: SELECT `id`,`pid`,`title`,`url`,`tip` FROM `robam_menu` WHERE ( `group` = '' ) AND ( `pid` = 16 ) AND ( `hide` = 0 ) ORDER BY sort asc  [ RunTime:0.000998s ]
SQL: SHOW COLUMNS FROM `robam_member` [ RunTime:0.001206s ]
SQL: UPDATE `robam_member` SET `status`=-1,`update_time`=1542954708 WHERE ( `uid` IN ('40') ) [ RunTime:0.001777s ]

[ 2018-11-23T14:31:50+08:00 ] 49.95.108.226 /index.php?m=Admin&c=User&a=index
SQL: SHOW COLUMNS FROM `robam_menu` [ RunTime:0.001366s ]
SQL: SELECT * FROM `robam_menu` WHERE ( `pid` = 0 ) AND ( `hide` = 0 ) ORDER BY sort asc  [ RunTime:0.001177s ]
SQL: SELECT `id` FROM `robam_menu` WHERE ( url like '%User/index%' ) LIMIT 1   [ RunTime:0.000992s ]
SQL: SHOW COLUMNS FROM `robam_menu` [ RunTime:0.001151s ]
SQL: SELECT `id`,`pid`,`title` FROM `robam_menu` WHERE ( id=16 ) LIMIT 1   [ RunTime:0.000996s ]
SQL: SELECT DISTINCT  `group` FROM `robam_menu` WHERE ( pid = 16 )  [ RunTime:0.001020s ]
SQL: SELECT `id`,`url` FROM `robam_menu` WHERE ( `pid` = 16 ) AND ( `hide` = 0 )  [ RunTime:0.001654s ]
SQL: SELECT `id`,`pid`,`title`,`url`,`tip` FROM `robam_menu` WHERE ( `group` = '渠道商管理' ) AND ( `pid` = 16 ) AND ( `hide` = 0 ) ORDER BY sort asc  [ RunTime:0.001066s ]
SQL: SELECT `id`,`pid`,`title`,`url`,`tip` FROM `robam_menu` WHERE ( `group` = '行为管理' ) AND ( `pid` = 16 ) AND ( `hide` = 0 ) ORDER BY sort asc  [ RunTime:0.001109s ]
SQL: SELECT `id`,`pid`,`title`,`url`,`tip` FROM `robam_menu` WHERE ( `group` = '后台人员管理' ) AND ( `pid` = 16 ) AND ( `hide` = 0 ) ORDER BY sort asc  [ RunTime:0.001104s ]
SQL: SELECT `id`,`pid`,`title`,`url`,`tip` FROM `robam_menu` WHERE ( `group` = '' ) AND ( `pid` = 16 ) AND ( `hide` = 0 ) ORDER BY sort asc  [ RunTime:0.001110s ]
SQL: SHOW COLUMNS FROM `robam_ucenter_member` [ RunTime:0.001205s ]
SQL: SELECT * FROM robam_ucenter_member a INNER JOIN robam_member as b on a.id=b.uid  WHERE ( b.status >= 0 ) AND ( `nickname` LIKE '%%' ) AND ( `id` > 1 ) AND ( a.status = 1 )  [ RunTime:0.001416s ]
INFO: [ view_parse ] --START--
INFO: [ template_filter ] --START--
INFO: Run Behavior\ContentReplace [ RunTime:0.000103s ]
INFO: [ template_filter ] --END-- [ RunTime:0.000144s ]
NOTIC: [8] Undefined variable: _page /www/Runtime/Cache/Admin/65e605872ed5d34210f5b33beb13f5a3.php 第 147 行.
INFO: Run Behavior\ParseTemplate [ RunTime:0.008028s ]
INFO: [ view_parse ] --END-- [ RunTime:0.008065s ]
INFO: [ view_filter ] --START--
INFO: Run Behavior\WriteHtmlCache [ RunTime:0.000043s ]
INFO: [ view_filter ] --END-- [ RunTime:0.000069s ]
INFO: [ app_end ] --START--
INFO: Run Behavior\ShowPageTrace [ RunTime:0.000027s ]
INFO: [ app_end ] --END-- [ RunTime:0.000052s ]

[ 2018-11-23T14:31:51+08:00 ] 49.95.108.226 /index.php?m=Admin&c=User&a=changeStatus&method=deleteuser&id=39
INFO: [ app_begin ] --START--
INFO: Run Behavior\ReadHtmlCache [ RunTime:0.000025s ]
INFO: [ app_begin ] --END-- [ RunTime:0.000067s ]
SQL: SHOW COLUMNS FROM `robam_menu` [ RunTime:0.001380s ]
SQL: SELECT * FROM `robam_menu` WHERE ( `pid` = 0 ) AND ( `hide` = 0 ) ORDER BY sort asc  [ RunTime:0.001158s ]
SQL: SELECT `id` FROM `robam_menu` WHERE ( url like '%User/changestatus%' ) LIMIT 1   [ RunTime:0.001142s ]
SQL: SHOW COLUMNS FROM `robam_menu` [ RunTime:0.001170s ]
SQL: SELECT `id`,`pid`,`title` FROM `robam_menu` WHERE ( id=24 ) LIMIT 1   [ RunTime:0.001058s ]
SQL: SELECT `id`,`pid`,`title` FROM `robam_menu` WHERE ( id=19 ) LIMIT 1   [ RunTime:0.001032s ]
SQL: SELECT `id`,`pid`,`title` FROM `robam_menu` WHERE ( id=16 ) LIMIT 1   [ RunTime:0.001011s ]
SQL: SELECT DISTINCT  `group` FROM `robam_menu` WHERE ( pid = 16 )  [ RunTime:0.002551s ]
SQL: SELECT `id`,`url` FROM `robam_menu` WHERE ( `pid` = 16 ) AND ( `hide` = 0 )  [ RunTime:0.001100s ]
SQL: SELECT `id`,`pid`,`title`,`url`,`tip` FROM `robam_menu` WHERE ( `group` = '渠道商管理' ) AND ( `pid` = 16 ) AND ( `hide` = 0 ) ORDER BY sort asc  [ RunTime:0.001162s ]
SQL: SELECT `id`,`pid`,`title`,`url`,`tip` FROM `robam_menu` WHERE ( `group` = '行为管理' ) AND ( `pid` = 16 ) AND ( `hide` = 0 ) ORDER BY sort asc  [ RunTime:0.001123s ]
SQL: SELECT `id`,`pid`,`title`,`url`,`tip` FROM `robam_menu` WHERE ( `group` = '后台人员管理' ) AND ( `pid` = 16 ) AND ( `hide` = 0 ) ORDER BY sort asc  [ RunTime:0.004204s ]
SQL: SELECT `id`,`pid`,`title`,`url`,`tip` FROM `robam_menu` WHERE ( `group` = '' ) AND ( `pid` = 16 ) AND ( `hide` = 0 ) ORDER BY sort asc  [ RunTime:0.001126s ]
SQL: SHOW COLUMNS FROM `robam_member` [ RunTime:0.001423s ]
SQL: UPDATE `robam_member` SET `status`=-1,`update_time`=1542954711 WHERE ( `uid` IN ('39') ) [ RunTime:0.002282s ]

[ 2018-11-23T14:31:53+08:00 ] 49.95.108.226 /index.php?m=Admin&c=User&a=index
SQL: SHOW COLUMNS FROM `robam_menu` [ RunTime:0.001497s ]
SQL: SELECT * FROM `robam_menu` WHERE ( `pid` = 0 ) AND ( `hide` = 0 ) ORDER BY sort asc  [ RunTime:0.001251s ]
SQL: SELECT `id` FROM `robam_menu` WHERE ( url like '%User/index%' ) LIMIT 1   [ RunTime:0.001087s ]
SQL: SHOW COLUMNS FROM `robam_menu` [ RunTime:0.003095s ]
SQL: SELECT `id`,`pid`,`title` FROM `robam_menu` WHERE ( id=16 ) LIMIT 1   [ RunTime:0.001127s ]
SQL: SELECT DISTINCT  `group` FROM `robam_menu` WHERE ( pid = 16 )  [ RunTime:0.001143s ]
SQL: SELECT `id`,`url` FROM `robam_menu` WHERE ( `pid` = 16 ) AND ( `hide` = 0 )  [ RunTime:0.001100s ]
SQL: SELECT `id`,`pid`,`title`,`url`,`tip` FROM `robam_menu` WHERE ( `group` = '渠道商管理' ) AND ( `pid` = 16 ) AND ( `hide` = 0 ) ORDER BY sort asc  [ RunTime:0.001148s ]
SQL: SELECT `id`,`pid`,`title`,`url`,`tip` FROM `robam_menu` WHERE ( `group` = '行为管理' ) AND ( `pid` = 16 ) AND ( `hide` = 0 ) ORDER BY sort asc  [ RunTime:0.001076s ]
SQL: SELECT `id`,`pid`,`title`,`url`,`tip` FROM `robam_menu` WHERE ( `group` = '后台人员管理' ) AND ( `pid` = 16 ) AND ( `hide` = 0 ) ORDER BY sort asc  [ RunTime:0.001133s ]
SQL: SELECT `id`,`pid`,`title`,`url`,`tip` FROM `robam_menu` WHERE ( `group` = '' ) AND ( `pid` = 16 ) AND ( `hide` = 0 ) ORDER BY sort asc  [ RunTime:0.001116s ]
SQL: SHOW COLUMNS FROM `robam_ucenter_member` [ RunTime:0.001448s ]
SQL: SELECT * FROM robam_ucenter_member a INNER JOIN robam_member as b on a.id=b.uid  WHERE ( b.status >= 0 ) AND ( `nickname` LIKE '%%' ) AND ( `id` > 1 ) AND ( a.status = 1 )  [ RunTime:0.001372s ]
INFO: [ view_parse ] --START--
INFO: [ template_filter ] --START--
INFO: Run Behavior\ContentReplace [ RunTime:0.000141s ]
INFO: [ template_filter ] --END-- [ RunTime:0.000222s ]
NOTIC: [8] Undefined variable: _page /www/Runtime/Cache/Admin/65e605872ed5d34210f5b33beb13f5a3.php 第 147 行.
INFO: Run Behavior\ParseTemplate [ RunTime:0.014167s ]
INFO: [ view_parse ] --END-- [ RunTime:0.014226s ]
INFO: [ view_filter ] --START--
INFO: Run Behavior\WriteHtmlCache [ RunTime:0.000054s ]
INFO: [ view_filter ] --END-- [ RunTime:0.000090s ]
INFO: [ app_end ] --START--
INFO: Run Behavior\ShowPageTrace [ RunTime:0.000040s ]
INFO: [ app_end ] --END-- [ RunTime:0.000081s ]

[ 2018-11-23T14:31:54+08:00 ] 49.95.108.226 /index.php?m=Admin&c=User&a=add
SQL: SHOW COLUMNS FROM `robam_menu` [ RunTime:0.001513s ]
SQL: SELECT * FROM `robam_menu` WHERE ( `pid` = 0 ) AND ( `hide` = 0 ) ORDER BY sort asc  [ RunTime:0.001170s ]
SQL: SELECT `id` FROM `robam_menu` WHERE ( url like '%User/add%' ) LIMIT 1   [ RunTime:0.001049s ]
SQL: SHOW COLUMNS FROM `robam_menu` [ RunTime:0.001183s ]
SQL: SELECT `id`,`pid`,`title` FROM `robam_menu` WHERE ( id=20 ) LIMIT 1   [ RunTime:0.001017s ]
SQL: SELECT `id`,`pid`,`title` FROM `robam_menu` WHERE ( id=19 ) LIMIT 1   [ RunTime:0.001001s ]
SQL: SELECT `id`,`pid`,`title` FROM `robam_menu` WHERE ( id=16 ) LIMIT 1   [ RunTime:0.001027s ]
SQL: SELECT DISTINCT  `group` FROM `robam_menu` WHERE ( pid = 16 )  [ RunTime:0.001145s ]
SQL: SELECT `id`,`url` FROM `robam_menu` WHERE ( `pid` = 16 ) AND ( `hide` = 0 )  [ RunTime:0.001062s ]
SQL: SELECT `id`,`pid`,`title`,`url`,`tip` FROM `robam_menu` WHERE ( `group` = '渠道商管理' ) AND ( `pid` = 16 ) AND ( `hide` = 0 ) ORDER BY sort asc  [ RunTime:0.001108s ]
SQL: SELECT `id`,`pid`,`title`,`url`,`tip` FROM `robam_menu` WHERE ( `group` = '行为管理' ) AND ( `pid` = 16 ) AND ( `hide` = 0 ) ORDER BY sort asc  [ RunTime:0.001066s ]
SQL: SELECT `id`,`pid`,`title`,`url`,`tip` FROM `robam_menu` WHERE ( `group` = '后台人员管理' ) AND ( `pid` = 16 ) AND ( `hide` = 0 ) ORDER BY sort asc  [ RunTime:0.001073s ]
SQL: SELECT `id`,`pid`,`title`,`url`,`tip` FROM `robam_menu` WHERE ( `group` = '' ) AND ( `pid` = 16 ) AND ( `hide` = 0 ) ORDER BY sort asc  [ RunTime:0.001170s ]
INFO: [ view_parse ] --START--
INFO: [ template_filter ] --START--
INFO: Run Behavior\ContentReplace [ RunTime:0.000118s ]
INFO: [ template_filter ] --END-- [ RunTime:0.000192s ]
NOTIC: [8] Undefined variable: user /www/Runtime/Cache/Admin/4e1f0ee1a12a8dbb63343fe9e6a3f60d.php 第 95 行.
NOTIC: [8] Undefined variable: user /www/Runtime/Cache/Admin/4e1f0ee1a12a8dbb63343fe9e6a3f60d.php 第 96 行.
NOTIC: [8] Undefined variable: user /www/Runtime/Cache/Admin/4e1f0ee1a12a8dbb63343fe9e6a3f60d.php 第 114 行.
INFO: Run Behavior\ParseTemplate [ RunTime:0.011032s ]
INFO: [ view_parse ] --END-- [ RunTime:0.011088s ]
INFO: [ view_filter ] --START--
INFO: Run Behavior\WriteHtmlCache [ RunTime:0.000057s ]
INFO: [ view_filter ] --END-- [ RunTime:0.000100s ]
INFO: [ app_end ] --START--
INFO: Run Behavior\ShowPageTrace [ RunTime:0.000040s ]
INFO: [ app_end ] --END-- [ RunTime:0.000087s ]

[ 2018-11-23T14:32:14+08:00 ] 49.95.108.226 /index.php?m=Admin&c=User&a=add
INFO: [ app_begin ] --START--
INFO: Run Behavior\ReadHtmlCache [ RunTime:0.000040s ]
INFO: [ app_begin ] --END-- [ RunTime:0.000115s ]
SQL: SHOW COLUMNS FROM `robam_menu` [ RunTime:0.001409s ]
SQL: SELECT * FROM `robam_menu` WHERE ( `pid` = 0 ) AND ( `hide` = 0 ) ORDER BY sort asc  [ RunTime:0.001372s ]
SQL: SELECT `id` FROM `robam_menu` WHERE ( url like '%User/add%' ) LIMIT 1   [ RunTime:0.001056s ]
SQL: SHOW COLUMNS FROM `robam_menu` [ RunTime:0.001266s ]
SQL: SELECT `id`,`pid`,`title` FROM `robam_menu` WHERE ( id=20 ) LIMIT 1   [ RunTime:0.001047s ]
SQL: SELECT `id`,`pid`,`title` FROM `robam_menu` WHERE ( id=19 ) LIMIT 1   [ RunTime:0.001016s ]
SQL: SELECT `id`,`pid`,`title` FROM `robam_menu` WHERE ( id=16 ) LIMIT 1   [ RunTime:0.001005s ]
SQL: SELECT DISTINCT  `group` FROM `robam_menu` WHERE ( pid = 16 )  [ RunTime:0.001246s ]
SQL: SELECT `id`,`url` FROM `robam_menu` WHERE ( `pid` = 16 ) AND ( `hide` = 0 )  [ RunTime:0.001119s ]
SQL: SELECT `id`,`pid`,`title`,`url`,`tip` FROM `robam_menu` WHERE ( `group` = '渠道商管理' ) AND ( `pid` = 16 ) AND ( `hide` = 0 ) ORDER BY sort asc  [ RunTime:0.001202s ]
SQL: SELECT `id`,`pid`,`title`,`url`,`tip` FROM `robam_menu` WHERE ( `group` = '行为管理' ) AND ( `pid` = 16 ) AND ( `hide` = 0 ) ORDER BY sort asc  [ RunTime:0.001186s ]
SQL: SELECT `id`,`pid`,`title`,`url`,`tip` FROM `robam_menu` WHERE ( `group` = '后台人员管理' ) AND ( `pid` = 16 ) AND ( `hide` = 0 ) ORDER BY sort asc  [ RunTime:0.001170s ]
SQL: SELECT `id`,`pid`,`title`,`url`,`tip` FROM `robam_menu` WHERE ( `group` = '' ) AND ( `pid` = 16 ) AND ( `hide` = 0 ) ORDER BY sort asc  [ RunTime:0.001118s ]
SQL: SHOW COLUMNS FROM `robam_ucenter_member` [ RunTime:0.001279s ]
SQL: SELECT * FROM `robam_ucenter_member` WHERE ( `username` = 'test666' ) LIMIT 1   [ RunTime:0.001070s ]
SQL: SELECT * FROM `robam_ucenter_member` WHERE ( `email` = '17305812119@qq.com' ) LIMIT 1   [ RunTime:0.000990s ]
SQL: INSERT INTO `robam_ucenter_member` (`username`,`password`,`email`,`status`,`reg_time`,`reg_ip`,`update_time`) VALUES ('test666','d2c215e87ab15c6db1473373b99ca816','17305812119@qq.com',1,1542954734,'828337378',1542954734) [ RunTime:0.001906s ]
SQL: SHOW COLUMNS FROM `robam_member` [ RunTime:0.001458s ]
SQL: INSERT INTO `robam_member` (`uid`,`nickname`,`status`) VALUES (42,'test666',1) [ RunTime:0.002079s ]

[ 2018-11-23T14:32:15+08:00 ] 49.95.108.226 /index.php?m=Admin&c=User&a=index
SQL: SHOW COLUMNS FROM `robam_menu` [ RunTime:0.001513s ]
SQL: SELECT * FROM `robam_menu` WHERE ( `pid` = 0 ) AND ( `hide` = 0 ) ORDER BY sort asc  [ RunTime:0.001283s ]
SQL: SELECT `id` FROM `robam_menu` WHERE ( url like '%User/index%' ) LIMIT 1   [ RunTime:0.001095s ]
SQL: SHOW COLUMNS FROM `robam_menu` [ RunTime:0.001331s ]
SQL: SELECT `id`,`pid`,`title` FROM `robam_menu` WHERE ( id=16 ) LIMIT 1   [ RunTime:0.002957s ]
SQL: SELECT DISTINCT  `group` FROM `robam_menu` WHERE ( pid = 16 )  [ RunTime:0.001216s ]
SQL: SELECT `id`,`url` FROM `robam_menu` WHERE ( `pid` = 16 ) AND ( `hide` = 0 )  [ RunTime:0.001099s ]
SQL: SELECT `id`,`pid`,`title`,`url`,`tip` FROM `robam_menu` WHERE ( `group` = '渠道商管理' ) AND ( `pid` = 16 ) AND ( `hide` = 0 ) ORDER BY sort asc  [ RunTime:0.001174s ]
SQL: SELECT `id`,`pid`,`title`,`url`,`tip` FROM `robam_menu` WHERE ( `group` = '行为管理' ) AND ( `pid` = 16 ) AND ( `hide` = 0 ) ORDER BY sort asc  [ RunTime:0.001148s ]
SQL: SELECT `id`,`pid`,`title`,`url`,`tip` FROM `robam_menu` WHERE ( `group` = '后台人员管理' ) AND ( `pid` = 16 ) AND ( `hide` = 0 ) ORDER BY sort asc  [ RunTime:0.001143s ]
SQL: SELECT `id`,`pid`,`title`,`url`,`tip` FROM `robam_menu` WHERE ( `group` = '' ) AND ( `pid` = 16 ) AND ( `hide` = 0 ) ORDER BY sort asc  [ RunTime:0.001163s ]
SQL: SHOW COLUMNS FROM `robam_ucenter_member` [ RunTime:0.001470s ]
SQL: SELECT * FROM robam_ucenter_member a INNER JOIN robam_member as b on a.id=b.uid  WHERE ( b.status >= 0 ) AND ( `nickname` LIKE '%%' ) AND ( `id` > 1 ) AND ( a.status = 1 )  [ RunTime:0.001391s ]
INFO: [ view_parse ] --START--
INFO: [ template_filter ] --START--
INFO: Run Behavior\ContentReplace [ RunTime:0.000153s ]
INFO: [ template_filter ] --END-- [ RunTime:0.000224s ]
NOTIC: [8] Undefined variable: _page /www/Runtime/Cache/Admin/65e605872ed5d34210f5b33beb13f5a3.php 第 147 行.
INFO: Run Behavior\ParseTemplate [ RunTime:0.014697s ]
INFO: [ view_parse ] --END-- [ RunTime:0.014792s ]
INFO: [ view_filter ] --START--
INFO: Run Behavior\WriteHtmlCache [ RunTime:0.000053s ]
INFO: [ view_filter ] --END-- [ RunTime:0.000095s ]
INFO: [ app_end ] --START--
INFO: Run Behavior\ShowPageTrace [ RunTime:0.000054s ]
INFO: [ app_end ] --END-- [ RunTime:0.000102s ]

[ 2018-11-23T14:32:19+08:00 ] 49.95.108.226 /index.php?m=Admin&c=AuthManager&a=index
SQL: SHOW COLUMNS FROM `robam_menu` [ RunTime:0.001595s ]
SQL: SELECT * FROM `robam_menu` WHERE ( `pid` = 0 ) AND ( `hide` = 0 ) ORDER BY sort asc  [ RunTime:0.001338s ]
SQL: SELECT `id` FROM `robam_menu` WHERE ( url like '%AuthManager/index%' ) LIMIT 1   [ RunTime:0.001180s ]
SQL: SHOW COLUMNS FROM `robam_menu` [ RunTime:0.001412s ]
SQL: SELECT `id`,`pid`,`title` FROM `robam_menu` WHERE ( id=27 ) LIMIT 1   [ RunTime:0.001173s ]
SQL: SELECT `id`,`pid`,`title` FROM `robam_menu` WHERE ( id=16 ) LIMIT 1   [ RunTime:0.001064s ]
SQL: SELECT DISTINCT  `group` FROM `robam_menu` WHERE ( pid = 16 )  [ RunTime:0.001209s ]
SQL: SELECT `id`,`url` FROM `robam_menu` WHERE ( `pid` = 16 ) AND ( `hide` = 0 )  [ RunTime:0.001132s ]
SQL: SELECT `id`,`pid`,`title`,`url`,`tip` FROM `robam_menu` WHERE ( `group` = '渠道商管理' ) AND ( `pid` = 16 ) AND ( `hide` = 0 ) ORDER BY sort asc  [ RunTime:0.001203s ]
SQL: SELECT `id`,`pid`,`title`,`url`,`tip` FROM `robam_menu` WHERE ( `group` = '行为管理' ) AND ( `pid` = 16 ) AND ( `hide` = 0 ) ORDER BY sort asc  [ RunTime:0.001228s ]
SQL: SELECT `id`,`pid`,`title`,`url`,`tip` FROM `robam_menu` WHERE ( `group` = '后台人员管理' ) AND ( `pid` = 16 ) AND ( `hide` = 0 ) ORDER BY sort asc  [ RunTime:0.001178s ]
SQL: SELECT `id`,`pid`,`title`,`url`,`tip` FROM `robam_menu` WHERE ( `group` = '' ) AND ( `pid` = 16 ) AND ( `hide` = 0 ) ORDER BY sort asc  [ RunTime:0.001204s ]
SQL: SHOW COLUMNS FROM `robam_auth_group` [ RunTime:0.003209s ]
SQL: SELECT COUNT(*) AS tp_count FROM `robam_auth_group` WHERE ( `status` >= 0 ) AND ( `module` = 'admin' ) LIMIT 1   [ RunTime:0.004830s ]
SQL: SELECT `id`,`module`,`type`,`title`,`description`,`status`,`rules` FROM `robam_auth_group` WHERE ( `status` >= 0 ) AND ( `module` = 'admin' ) ORDER BY id asc LIMIT 0,10   [ RunTime:0.001213s ]
INFO: [ view_parse ] --START--
INFO: [ template_filter ] --START--
INFO: Run Behavior\ContentReplace [ RunTime:0.000149s ]
INFO: [ template_filter ] --END-- [ RunTime:0.000235s ]
INFO: Run Behavior\ParseTemplate [ RunTime:0.014960s ]
INFO: [ view_parse ] --END-- [ RunTime:0.015029s ]
INFO: [ view_filter ] --START--
INFO: Run Behavior\WriteHtmlCache [ RunTime:0.000061s ]
INFO: [ view_filter ] --END-- [ RunTime:0.000102s ]
INFO: [ app_end ] --START--
INFO: Run Behavior\ShowPageTrace [ RunTime:0.000047s ]
INFO: [ app_end ] --END-- [ RunTime:0.000093s ]

[ 2018-11-23T14:32:24+08:00 ] 49.95.108.226 /index.php?m=Admin&c=AuthManager&a=changeStatus&method=deleteGroup12
INFO: [ app_begin ] --START--
INFO: Run Behavior\ReadHtmlCache [ RunTime:0.000046s ]
INFO: [ app_begin ] --END-- [ RunTime:0.000124s ]
SQL: SHOW COLUMNS FROM `robam_menu` [ RunTime:0.001419s ]
SQL: SELECT * FROM `robam_menu` WHERE ( `pid` = 0 ) AND ( `hide` = 0 ) ORDER BY sort asc  [ RunTime:0.001414s ]
SQL: SELECT `id` FROM `robam_menu` WHERE ( url like '%AuthManager/changestatus%' ) LIMIT 1   [ RunTime:0.001142s ]
SQL: SHOW COLUMNS FROM `robam_menu` [ RunTime:0.001477s ]
SQL: SELECT `id`,`pid`,`title` FROM `robam_menu` WHERE ( id=28 ) LIMIT 1   [ RunTime:0.001073s ]
SQL: SELECT `id`,`pid`,`title` FROM `robam_menu` WHERE ( id=27 ) LIMIT 1   [ RunTime:0.001069s ]
SQL: SELECT `id`,`pid`,`title` FROM `robam_menu` WHERE ( id=16 ) LIMIT 1   [ RunTime:0.001046s ]
SQL: SELECT DISTINCT  `group` FROM `robam_menu` WHERE ( pid = 16 )  [ RunTime:0.001159s ]
SQL: SELECT `id`,`url` FROM `robam_menu` WHERE ( `pid` = 16 ) AND ( `hide` = 0 )  [ RunTime:0.001155s ]
SQL: SELECT `id`,`pid`,`title`,`url`,`tip` FROM `robam_menu` WHERE ( `group` = '渠道商管理' ) AND ( `pid` = 16 ) AND ( `hide` = 0 ) ORDER BY sort asc  [ RunTime:0.001176s ]
SQL: SELECT `id`,`pid`,`title`,`url`,`tip` FROM `robam_menu` WHERE ( `group` = '行为管理' ) AND ( `pid` = 16 ) AND ( `hide` = 0 ) ORDER BY sort asc  [ RunTime:0.001112s ]
SQL: SELECT `id`,`pid`,`title`,`url`,`tip` FROM `robam_menu` WHERE ( `group` = '后台人员管理' ) AND ( `pid` = 16 ) AND ( `hide` = 0 ) ORDER BY sort asc  [ RunTime:0.001109s ]
SQL: SELECT `id`,`pid`,`title`,`url`,`tip` FROM `robam_menu` WHERE ( `group` = '' ) AND ( `pid` = 16 ) AND ( `hide` = 0 ) ORDER BY sort asc  [ RunTime:0.001139s ]

[ 2018-11-23T14:32:30+08:00 ] 49.95.108.226 /index.php?m=Admin&c=AuthManager&a=changeStatus&method=deleteGroup12
INFO: [ app_begin ] --START--
INFO: Run Behavior\ReadHtmlCache [ RunTime:0.000044s ]
INFO: [ app_begin ] --END-- [ RunTime:0.000121s ]
SQL: SHOW COLUMNS FROM `robam_menu` [ RunTime:0.001653s ]
SQL: SELECT * FROM `robam_menu` WHERE ( `pid` = 0 ) AND ( `hide` = 0 ) ORDER BY sort asc  [ RunTime:0.001236s ]
SQL: SELECT `id` FROM `robam_menu` WHERE ( url like '%AuthManager/changestatus%' ) LIMIT 1   [ RunTime:0.001070s ]
SQL: SHOW COLUMNS FROM `robam_menu` [ RunTime:0.001603s ]
SQL: SELECT `id`,`pid`,`title` FROM `robam_menu` WHERE ( id=28 ) LIMIT 1   [ RunTime:0.001042s ]
SQL: SELECT `id`,`pid`,`title` FROM `robam_menu` WHERE ( id=27 ) LIMIT 1   [ RunTime:0.001071s ]
SQL: SELECT `id`,`pid`,`title` FROM `robam_menu` WHERE ( id=16 ) LIMIT 1   [ RunTime:0.001060s ]
SQL: SELECT DISTINCT  `group` FROM `robam_menu` WHERE ( pid = 16 )  [ RunTime:0.001139s ]
SQL: SELECT `id`,`url` FROM `robam_menu` WHERE ( `pid` = 16 ) AND ( `hide` = 0 )  [ RunTime:0.001061s ]
SQL: SELECT `id`,`pid`,`title`,`url`,`tip` FROM `robam_menu` WHERE ( `group` = '渠道商管理' ) AND ( `pid` = 16 ) AND ( `hide` = 0 ) ORDER BY sort asc  [ RunTime:0.001125s ]
SQL: SELECT `id`,`pid`,`title`,`url`,`tip` FROM `robam_menu` WHERE ( `group` = '行为管理' ) AND ( `pid` = 16 ) AND ( `hide` = 0 ) ORDER BY sort asc  [ RunTime:0.001110s ]
SQL: SELECT `id`,`pid`,`title`,`url`,`tip` FROM `robam_menu` WHERE ( `group` = '后台人员管理' ) AND ( `pid` = 16 ) AND ( `hide` = 0 ) ORDER BY sort asc  [ RunTime:0.001328s ]
SQL: SELECT `id`,`pid`,`title`,`url`,`tip` FROM `robam_menu` WHERE ( `group` = '' ) AND ( `pid` = 16 ) AND ( `hide` = 0 ) ORDER BY sort asc  [ RunTime:0.001087s ]

[ 2018-11-23T14:32:33+08:00 ] 49.95.108.226 /index.php?m=Admin&c=AuthManager&a=changestatus&method=deleteGroup
INFO: [ app_begin ] --START--
INFO: Run Behavior\ReadHtmlCache [ RunTime:0.000025s ]
INFO: [ app_begin ] --END-- [ RunTime:0.000075s ]
SQL: SHOW COLUMNS FROM `robam_menu` [ RunTime:0.001408s ]
SQL: SELECT * FROM `robam_menu` WHERE ( `pid` = 0 ) AND ( `hide` = 0 ) ORDER BY sort asc  [ RunTime:0.001237s ]
SQL: SELECT `id` FROM `robam_menu` WHERE ( url like '%AuthManager/changestatus%' ) LIMIT 1   [ RunTime:0.001081s ]
SQL: SHOW COLUMNS FROM `robam_menu` [ RunTime:0.001251s ]
SQL: SELECT `id`,`pid`,`title` FROM `robam_menu` WHERE ( id=28 ) LIMIT 1   [ RunTime:0.001070s ]
SQL: SELECT `id`,`pid`,`title` FROM `robam_menu` WHERE ( id=27 ) LIMIT 1   [ RunTime:0.001052s ]
SQL: SELECT `id`,`pid`,`title` FROM `robam_menu` WHERE ( id=16 ) LIMIT 1   [ RunTime:0.001090s ]
SQL: SELECT DISTINCT  `group` FROM `robam_menu` WHERE ( pid = 16 )  [ RunTime:0.001129s ]
SQL: SELECT `id`,`url` FROM `robam_menu` WHERE ( `pid` = 16 ) AND ( `hide` = 0 )  [ RunTime:0.001096s ]
SQL: SELECT `id`,`pid`,`title`,`url`,`tip` FROM `robam_menu` WHERE ( `group` = '渠道商管理' ) AND ( `pid` = 16 ) AND ( `hide` = 0 ) ORDER BY sort asc  [ RunTime:0.001153s ]
SQL: SELECT `id`,`pid`,`title`,`url`,`tip` FROM `robam_menu` WHERE ( `group` = '行为管理' ) AND ( `pid` = 16 ) AND ( `hide` = 0 ) ORDER BY sort asc  [ RunTime:0.001349s ]
SQL: SELECT `id`,`pid`,`title`,`url`,`tip` FROM `robam_menu` WHERE ( `group` = '后台人员管理' ) AND ( `pid` = 16 ) AND ( `hide` = 0 ) ORDER BY sort asc  [ RunTime:0.001111s ]
SQL: SELECT `id`,`pid`,`title`,`url`,`tip` FROM `robam_menu` WHERE ( `group` = '' ) AND ( `pid` = 16 ) AND ( `hide` = 0 ) ORDER BY sort asc  [ RunTime:0.001107s ]
SQL: SHOW COLUMNS FROM `robam_auth_group` [ RunTime:0.001643s ]
SQL: UPDATE `robam_auth_group` SET `status`=-1 WHERE ( `id` IN ('12') ) [ RunTime:0.001882s ]

[ 2018-11-23T14:32:35+08:00 ] 49.95.108.226 /index.php?m=Admin&c=AuthManager&a=index
SQL: SHOW COLUMNS FROM `robam_menu` [ RunTime:0.001371s ]
SQL: SELECT * FROM `robam_menu` WHERE ( `pid` = 0 ) AND ( `hide` = 0 ) ORDER BY sort asc  [ RunTime:0.001287s ]
SQL: SELECT `id` FROM `robam_menu` WHERE ( url like '%AuthManager/index%' ) LIMIT 1   [ RunTime:0.001345s ]
SQL: SHOW COLUMNS FROM `robam_menu` [ RunTime:0.001296s ]
SQL: SELECT `id`,`pid`,`title` FROM `robam_menu` WHERE ( id=27 ) LIMIT 1   [ RunTime:0.001074s ]
SQL: SELECT `id`,`pid`,`title` FROM `robam_menu` WHERE ( id=16 ) LIMIT 1   [ RunTime:0.001080s ]
SQL: SELECT DISTINCT  `group` FROM `robam_menu` WHERE ( pid = 16 )  [ RunTime:0.001185s ]
SQL: SELECT `id`,`url` FROM `robam_menu` WHERE ( `pid` = 16 ) AND ( `hide` = 0 )  [ RunTime:0.001119s ]
SQL: SELECT `id`,`pid`,`title`,`url`,`tip` FROM `robam_menu` WHERE ( `group` = '渠道商管理' ) AND ( `pid` = 16 ) AND ( `hide` = 0 ) ORDER BY sort asc  [ RunTime:0.001161s ]
SQL: SELECT `id`,`pid`,`title`,`url`,`tip` FROM `robam_menu` WHERE ( `group` = '行为管理' ) AND ( `pid` = 16 ) AND ( `hide` = 0 ) ORDER BY sort asc  [ RunTime:0.001095s ]
SQL: SELECT `id`,`pid`,`title`,`url`,`tip` FROM `robam_menu` WHERE ( `group` = '后台人员管理' ) AND ( `pid` = 16 ) AND ( `hide` = 0 ) ORDER BY sort asc  [ RunTime:0.001221s ]
SQL: SELECT `id`,`pid`,`title`,`url`,`tip` FROM `robam_menu` WHERE ( `group` = '' ) AND ( `pid` = 16 ) AND ( `hide` = 0 ) ORDER BY sort asc  [ RunTime:0.001086s ]
SQL: SHOW COLUMNS FROM `robam_auth_group` [ RunTime:0.001500s ]
SQL: SELECT COUNT(*) AS tp_count FROM `robam_auth_group` WHERE ( `status` >= 0 ) AND ( `module` = 'admin' ) LIMIT 1   [ RunTime:0.001119s ]
SQL: SELECT `id`,`module`,`type`,`title`,`description`,`status`,`rules` FROM `robam_auth_group` WHERE ( `status` >= 0 ) AND ( `module` = 'admin' ) ORDER BY id asc LIMIT 0,10   [ RunTime:0.001143s ]
INFO: [ view_parse ] --START--
INFO: [ template_filter ] --START--
INFO: Run Behavior\ContentReplace [ RunTime:0.000101s ]
INFO: [ template_filter ] --END-- [ RunTime:0.000145s ]
INFO: Run Behavior\ParseTemplate [ RunTime:0.008032s ]
INFO: [ view_parse ] --END-- [ RunTime:0.008070s ]
INFO: [ view_filter ] --START--
INFO: Run Behavior\WriteHtmlCache [ RunTime:0.000044s ]
INFO: [ view_filter ] --END-- [ RunTime:0.000067s ]
INFO: [ app_end ] --START--
INFO: Run Behavior\ShowPageTrace [ RunTime:0.000026s ]
INFO: [ app_end ] --END-- [ RunTime:0.000051s ]

[ 2018-11-23T14:32:38+08:00 ] 49.95.108.226 /index.php?m=Admin&c=AuthManager&a=changeStatus&method=deleteGroup11
INFO: [ app_begin ] --START--
INFO: Run Behavior\ReadHtmlCache [ RunTime:0.000026s ]
INFO: [ app_begin ] --END-- [ RunTime:0.000071s ]
SQL: SHOW COLUMNS FROM `robam_menu` [ RunTime:0.001575s ]
SQL: SELECT * FROM `robam_menu` WHERE ( `pid` = 0 ) AND ( `hide` = 0 ) ORDER BY sort asc  [ RunTime:0.001345s ]
SQL: SELECT `id` FROM `robam_menu` WHERE ( url like '%AuthManager/changestatus%' ) LIMIT 1   [ RunTime:0.001235s ]
SQL: SHOW COLUMNS FROM `robam_menu` [ RunTime:0.001381s ]
SQL: SELECT `id`,`pid`,`title` FROM `robam_menu` WHERE ( id=28 ) LIMIT 1   [ RunTime:0.001184s ]
SQL: SELECT `id`,`pid`,`title` FROM `robam_menu` WHERE ( id=27 ) LIMIT 1   [ RunTime:0.001104s ]
SQL: SELECT `id`,`pid`,`title` FROM `robam_menu` WHERE ( id=16 ) LIMIT 1   [ RunTime:0.001101s ]
SQL: SELECT DISTINCT  `group` FROM `robam_menu` WHERE ( pid = 16 )  [ RunTime:0.001218s ]
SQL: SELECT `id`,`url` FROM `robam_menu` WHERE ( `pid` = 16 ) AND ( `hide` = 0 )  [ RunTime:0.001166s ]
SQL: SELECT `id`,`pid`,`title`,`url`,`tip` FROM `robam_menu` WHERE ( `group` = '渠道商管理' ) AND ( `pid` = 16 ) AND ( `hide` = 0 ) ORDER BY sort asc  [ RunTime:0.002405s ]
SQL: SELECT `id`,`pid`,`title`,`url`,`tip` FROM `robam_menu` WHERE ( `group` = '行为管理' ) AND ( `pid` = 16 ) AND ( `hide` = 0 ) ORDER BY sort asc  [ RunTime:0.001253s ]
SQL: SELECT `id`,`pid`,`title`,`url`,`tip` FROM `robam_menu` WHERE ( `group` = '后台人员管理' ) AND ( `pid` = 16 ) AND ( `hide` = 0 ) ORDER BY sort asc  [ RunTime:0.002272s ]
SQL: SELECT `id`,`pid`,`title`,`url`,`tip` FROM `robam_menu` WHERE ( `group` = '' ) AND ( `pid` = 16 ) AND ( `hide` = 0 ) ORDER BY sort asc  [ RunTime:0.001384s ]

[ 2018-11-23T14:32:42+08:00 ] 49.95.108.226 /index.php?m=Admin&c=AuthManager&a=changeStatus&method=forbidGroup&id=11
INFO: [ app_begin ] --START--
INFO: Run Behavior\ReadHtmlCache [ RunTime:0.000026s ]
INFO: [ app_begin ] --END-- [ RunTime:0.000073s ]
SQL: SHOW COLUMNS FROM `robam_menu` [ RunTime:0.001666s ]
SQL: SELECT * FROM `robam_menu` WHERE ( `pid` = 0 ) AND ( `hide` = 0 ) ORDER BY sort asc  [ RunTime:0.001263s ]
SQL: SELECT `id` FROM `robam_menu` WHERE ( url like '%AuthManager/changestatus%' ) LIMIT 1   [ RunTime:0.001089s ]
SQL: SHOW COLUMNS FROM `robam_menu` [ RunTime:0.001279s ]
SQL: SELECT `id`,`pid`,`title` FROM `robam_menu` WHERE ( id=28 ) LIMIT 1   [ RunTime:0.001071s ]
SQL: SELECT `id`,`pid`,`title` FROM `robam_menu` WHERE ( id=27 ) LIMIT 1   [ RunTime:0.001021s ]
SQL: SELECT `id`,`pid`,`title` FROM `robam_menu` WHERE ( id=16 ) LIMIT 1   [ RunTime:0.001045s ]
SQL: SELECT DISTINCT  `group` FROM `robam_menu` WHERE ( pid = 16 )  [ RunTime:0.001202s ]
SQL: SELECT `id`,`url` FROM `robam_menu` WHERE ( `pid` = 16 ) AND ( `hide` = 0 )  [ RunTime:0.001079s ]
SQL: SELECT `id`,`pid`,`title`,`url`,`tip` FROM `robam_menu` WHERE ( `group` = '渠道商管理' ) AND ( `pid` = 16 ) AND ( `hide` = 0 ) ORDER BY sort asc  [ RunTime:0.001108s ]
SQL: SELECT `id`,`pid`,`title`,`url`,`tip` FROM `robam_menu` WHERE ( `group` = '行为管理' ) AND ( `pid` = 16 ) AND ( `hide` = 0 ) ORDER BY sort asc  [ RunTime:0.001124s ]
SQL: SELECT `id`,`pid`,`title`,`url`,`tip` FROM `robam_menu` WHERE ( `group` = '后台人员管理' ) AND ( `pid` = 16 ) AND ( `hide` = 0 ) ORDER BY sort asc  [ RunTime:0.001196s ]
SQL: SELECT `id`,`pid`,`title`,`url`,`tip` FROM `robam_menu` WHERE ( `group` = '' ) AND ( `pid` = 16 ) AND ( `hide` = 0 ) ORDER BY sort asc  [ RunTime:0.001137s ]
SQL: SHOW COLUMNS FROM `robam_auth_group` [ RunTime:0.001416s ]
SQL: UPDATE `robam_auth_group` SET `status`=0 WHERE ( `id` IN ('11') ) [ RunTime:0.002461s ]

[ 2018-11-23T14:32:44+08:00 ] 49.95.108.226 /index.php?m=Admin&c=AuthManager&a=index
SQL: SHOW COLUMNS FROM `robam_menu` [ RunTime:0.001376s ]
SQL: SELECT * FROM `robam_menu` WHERE ( `pid` = 0 ) AND ( `hide` = 0 ) ORDER BY sort asc  [ RunTime:0.001214s ]
SQL: SELECT `id` FROM `robam_menu` WHERE ( url like '%AuthManager/index%' ) LIMIT 1   [ RunTime:0.001039s ]
SQL: SHOW COLUMNS FROM `robam_menu` [ RunTime:0.001337s ]
SQL: SELECT `id`,`pid`,`title` FROM `robam_menu` WHERE ( id=27 ) LIMIT 1   [ RunTime:0.001024s ]
SQL: SELECT `id`,`pid`,`title` FROM `robam_menu` WHERE ( id=16 ) LIMIT 1   [ RunTime:0.001014s ]
SQL: SELECT DISTINCT  `group` FROM `robam_menu` WHERE ( pid = 16 )  [ RunTime:0.001065s ]
SQL: SELECT `id`,`url` FROM `robam_menu` WHERE ( `pid` = 16 ) AND ( `hide` = 0 )  [ RunTime:0.001122s ]
SQL: SELECT `id`,`pid`,`title`,`url`,`tip` FROM `robam_menu` WHERE ( `group` = '渠道商管理' ) AND ( `pid` = 16 ) AND ( `hide` = 0 ) ORDER BY sort asc  [ RunTime:0.001108s ]
SQL: SELECT `id`,`pid`,`title`,`url`,`tip` FROM `robam_menu` WHERE ( `group` = '行为管理' ) AND ( `pid` = 16 ) AND ( `hide` = 0 ) ORDER BY sort asc  [ RunTime:0.001136s ]
SQL: SELECT `id`,`pid`,`title`,`url`,`tip` FROM `robam_menu` WHERE ( `group` = '后台人员管理' ) AND ( `pid` = 16 ) AND ( `hide` = 0 ) ORDER BY sort asc  [ RunTime:0.001157s ]
SQL: SELECT `id`,`pid`,`title`,`url`,`tip` FROM `robam_menu` WHERE ( `group` = '' ) AND ( `pid` = 16 ) AND ( `hide` = 0 ) ORDER BY sort asc  [ RunTime:0.001044s ]
SQL: SHOW COLUMNS FROM `robam_auth_group` [ RunTime:0.001329s ]
SQL: SELECT COUNT(*) AS tp_count FROM `robam_auth_group` WHERE ( `status` >= 0 ) AND ( `module` = 'admin' ) LIMIT 1   [ RunTime:0.001049s ]
SQL: SELECT `id`,`module`,`type`,`title`,`description`,`status`,`rules` FROM `robam_auth_group` WHERE ( `status` >= 0 ) AND ( `module` = 'admin' ) ORDER BY id asc LIMIT 0,10   [ RunTime:0.001066s ]
INFO: [ view_parse ] --START--
INFO: [ template_filter ] --START--
INFO: Run Behavior\ContentReplace [ RunTime:0.000128s ]
INFO: [ template_filter ] --END-- [ RunTime:0.000193s ]
INFO: Run Behavior\ParseTemplate [ RunTime:0.009967s ]
INFO: [ view_parse ] --END-- [ RunTime:0.010009s ]
INFO: [ view_filter ] --START--
INFO: Run Behavior\WriteHtmlCache [ RunTime:0.000044s ]
INFO: [ view_filter ] --END-- [ RunTime:0.000068s ]
INFO: [ app_end ] --START--
INFO: Run Behavior\ShowPageTrace [ RunTime:0.000027s ]
INFO: [ app_end ] --END-- [ RunTime:0.000053s ]

[ 2018-11-23T14:32:45+08:00 ] 49.95.108.226 /index.php?m=Admin&c=AuthManager&a=changeStatus&method=resumeGroup&id=11
INFO: [ app_begin ] --START--
INFO: Run Behavior\ReadHtmlCache [ RunTime:0.000039s ]
INFO: [ app_begin ] --END-- [ RunTime:0.000108s ]
SQL: SHOW COLUMNS FROM `robam_menu` [ RunTime:0.001497s ]
SQL: SELECT * FROM `robam_menu` WHERE ( `pid` = 0 ) AND ( `hide` = 0 ) ORDER BY sort asc  [ RunTime:0.001245s ]
SQL: SELECT `id` FROM `robam_menu` WHERE ( url like '%AuthManager/changestatus%' ) LIMIT 1   [ RunTime:0.001106s ]
SQL: SHOW COLUMNS FROM `robam_menu` [ RunTime:0.001334s ]
SQL: SELECT `id`,`pid`,`title` FROM `robam_menu` WHERE ( id=28 ) LIMIT 1   [ RunTime:0.001118s ]
SQL: SELECT `id`,`pid`,`title` FROM `robam_menu` WHERE ( id=27 ) LIMIT 1   [ RunTime:0.001068s ]
SQL: SELECT `id`,`pid`,`title` FROM `robam_menu` WHERE ( id=16 ) LIMIT 1   [ RunTime:0.001061s ]
SQL: SELECT DISTINCT  `group` FROM `robam_menu` WHERE ( pid = 16 )  [ RunTime:0.001290s ]
SQL: SELECT `id`,`url` FROM `robam_menu` WHERE ( `pid` = 16 ) AND ( `hide` = 0 )  [ RunTime:0.001074s ]
SQL: SELECT `id`,`pid`,`title`,`url`,`tip` FROM `robam_menu` WHERE ( `group` = '渠道商管理' ) AND ( `pid` = 16 ) AND ( `hide` = 0 ) ORDER BY sort asc  [ RunTime:0.001140s ]
SQL: SELECT `id`,`pid`,`title`,`url`,`tip` FROM `robam_menu` WHERE ( `group` = '行为管理' ) AND ( `pid` = 16 ) AND ( `hide` = 0 ) ORDER BY sort asc  [ RunTime:0.001144s ]
SQL: SELECT `id`,`pid`,`title`,`url`,`tip` FROM `robam_menu` WHERE ( `group` = '后台人员管理' ) AND ( `pid` = 16 ) AND ( `hide` = 0 ) ORDER BY sort asc  [ RunTime:0.001172s ]
SQL: SELECT `id`,`pid`,`title`,`url`,`tip` FROM `robam_menu` WHERE ( `group` = '' ) AND ( `pid` = 16 ) AND ( `hide` = 0 ) ORDER BY sort asc  [ RunTime:0.001121s ]
SQL: SHOW COLUMNS FROM `robam_auth_group` [ RunTime:0.001372s ]
SQL: UPDATE `robam_auth_group` SET `status`=1 WHERE ( `id` IN ('11') ) [ RunTime:0.003848s ]

[ 2018-11-23T14:32:46+08:00 ] 49.95.108.226 /index.php?m=Admin&c=AuthManager&a=index
SQL: SHOW COLUMNS FROM `robam_menu` [ RunTime:0.001397s ]
SQL: SELECT * FROM `robam_menu` WHERE ( `pid` = 0 ) AND ( `hide` = 0 ) ORDER BY sort asc  [ RunTime:0.001252s ]
SQL: SELECT `id` FROM `robam_menu` WHERE ( url like '%AuthManager/index%' ) LIMIT 1   [ RunTime:0.001073s ]
SQL: SHOW COLUMNS FROM `robam_menu` [ RunTime:0.001226s ]
SQL: SELECT `id`,`pid`,`title` FROM `robam_menu` WHERE ( id=27 ) LIMIT 1   [ RunTime:0.001068s ]
SQL: SELECT `id`,`pid`,`title` FROM `robam_menu` WHERE ( id=16 ) LIMIT 1   [ RunTime:0.001023s ]
SQL: SELECT DISTINCT  `group` FROM `robam_menu` WHERE ( pid = 16 )  [ RunTime:0.001052s ]
SQL: SELECT `id`,`url` FROM `robam_menu` WHERE ( `pid` = 16 ) AND ( `hide` = 0 )  [ RunTime:0.001038s ]
SQL: SELECT `id`,`pid`,`title`,`url`,`tip` FROM `robam_menu` WHERE ( `group` = '渠道商管理' ) AND ( `pid` = 16 ) AND ( `hide` = 0 ) ORDER BY sort asc  [ RunTime:0.001104s ]
SQL: SELECT `id`,`pid`,`title`,`url`,`tip` FROM `robam_menu` WHERE ( `group` = '行为管理' ) AND ( `pid` = 16 ) AND ( `hide` = 0 ) ORDER BY sort asc  [ RunTime:0.001128s ]
SQL: SELECT `id`,`pid`,`title`,`url`,`tip` FROM `robam_menu` WHERE ( `group` = '后台人员管理' ) AND ( `pid` = 16 ) AND ( `hide` = 0 ) ORDER BY sort asc  [ RunTime:0.001080s ]
SQL: SELECT `id`,`pid`,`title`,`url`,`tip` FROM `robam_menu` WHERE ( `group` = '' ) AND ( `pid` = 16 ) AND ( `hide` = 0 ) ORDER BY sort asc  [ RunTime:0.001064s ]
SQL: SHOW COLUMNS FROM `robam_auth_group` [ RunTime:0.001324s ]
SQL: SELECT COUNT(*) AS tp_count FROM `robam_auth_group` WHERE ( `status` >= 0 ) AND ( `module` = 'admin' ) LIMIT 1   [ RunTime:0.001068s ]
SQL: SELECT `id`,`module`,`type`,`title`,`description`,`status`,`rules` FROM `robam_auth_group` WHERE ( `status` >= 0 ) AND ( `module` = 'admin' ) ORDER BY id asc LIMIT 0,10   [ RunTime:0.001104s ]
INFO: [ view_parse ] --START--
INFO: [ template_filter ] --START--
INFO: Run Behavior\ContentReplace [ RunTime:0.000098s ]
INFO: [ template_filter ] --END-- [ RunTime:0.000139s ]
INFO: Run Behavior\ParseTemplate [ RunTime:0.008537s ]
INFO: [ view_parse ] --END-- [ RunTime:0.008581s ]
INFO: [ view_filter ] --START--
INFO: Run Behavior\WriteHtmlCache [ RunTime:0.000038s ]
INFO: [ view_filter ] --END-- [ RunTime:0.000060s ]
INFO: [ app_end ] --START--
INFO: Run Behavior\ShowPageTrace [ RunTime:0.000083s ]
INFO: [ app_end ] --END-- [ RunTime:0.000118s ]

[ 2018-11-23T14:33:07+08:00 ] 49.95.108.226 /index.php?m=Admin&c=AuthManager&a=changeStatus&method=deleteGroup11
SQL: SHOW COLUMNS FROM `robam_menu` [ RunTime:0.002038s ]
SQL: SELECT * FROM `robam_menu` WHERE ( `pid` = 0 ) AND ( `hide` = 0 ) ORDER BY sort asc  [ RunTime:0.001584s ]
SQL: SELECT `id` FROM `robam_menu` WHERE ( url like '%AuthManager/changestatus%' ) LIMIT 1   [ RunTime:0.001085s ]
SQL: SHOW COLUMNS FROM `robam_menu` [ RunTime:0.001340s ]
SQL: SELECT `id`,`pid`,`title` FROM `robam_menu` WHERE ( id=28 ) LIMIT 1   [ RunTime:0.001088s ]
SQL: SELECT `id`,`pid`,`title` FROM `robam_menu` WHERE ( id=27 ) LIMIT 1   [ RunTime:0.001147s ]
SQL: SELECT `id`,`pid`,`title` FROM `robam_menu` WHERE ( id=16 ) LIMIT 1   [ RunTime:0.001046s ]
SQL: SELECT DISTINCT  `group` FROM `robam_menu` WHERE ( pid = 16 )  [ RunTime:0.001197s ]
SQL: SELECT `id`,`url` FROM `robam_menu` WHERE ( `pid` = 16 ) AND ( `hide` = 0 )  [ RunTime:0.001105s ]
SQL: SELECT `id`,`pid`,`title`,`url`,`tip` FROM `robam_menu` WHERE ( `group` = '渠道商管理' ) AND ( `pid` = 16 ) AND ( `hide` = 0 ) ORDER BY sort asc  [ RunTime:0.001320s ]
SQL: SELECT `id`,`pid`,`title`,`url`,`tip` FROM `robam_menu` WHERE ( `group` = '行为管理' ) AND ( `pid` = 16 ) AND ( `hide` = 0 ) ORDER BY sort asc  [ RunTime:0.001277s ]
SQL: SELECT `id`,`pid`,`title`,`url`,`tip` FROM `robam_menu` WHERE ( `group` = '后台人员管理' ) AND ( `pid` = 16 ) AND ( `hide` = 0 ) ORDER BY sort asc  [ RunTime:0.001161s ]
SQL: SELECT `id`,`pid`,`title`,`url`,`tip` FROM `robam_menu` WHERE ( `group` = '' ) AND ( `pid` = 16 ) AND ( `hide` = 0 ) ORDER BY sort asc  [ RunTime:0.001158s ]
INFO: [ view_parse ] --START--
INFO: [ template_filter ] --START--
INFO: Run Behavior\ContentReplace [ RunTime:0.000034s ]
INFO: [ template_filter ] --END-- [ RunTime:0.000068s ]
INFO: Run Behavior\ParseTemplate [ RunTime:0.001384s ]
INFO: [ view_parse ] --END-- [ RunTime:0.001421s ]
INFO: [ view_filter ] --START--
INFO: Run Behavior\WriteHtmlCache [ RunTime:0.000030s ]
INFO: [ view_filter ] --END-- [ RunTime:0.000052s ]

[ 2018-11-23T14:33:14+08:00 ] 49.95.108.226 /index.php?m=Admin&c=AuthManager&a=changeStatus&method=deleteGroup11
INFO: [ app_begin ] --START--
INFO: Run Behavior\ReadHtmlCache [ RunTime:0.000027s ]
INFO: [ app_begin ] --END-- [ RunTime:0.000074s ]
SQL: SHOW COLUMNS FROM `robam_menu` [ RunTime:0.001410s ]
SQL: SELECT * FROM `robam_menu` WHERE ( `pid` = 0 ) AND ( `hide` = 0 ) ORDER BY sort asc  [ RunTime:0.001244s ]
SQL: SELECT `id` FROM `robam_menu` WHERE ( url like '%AuthManager/changestatus%' ) LIMIT 1   [ RunTime:0.001079s ]
SQL: SHOW COLUMNS FROM `robam_menu` [ RunTime:0.001205s ]
SQL: SELECT `id`,`pid`,`title` FROM `robam_menu` WHERE ( id=28 ) LIMIT 1   [ RunTime:0.001060s ]
SQL: SELECT `id`,`pid`,`title` FROM `robam_menu` WHERE ( id=27 ) LIMIT 1   [ RunTime:0.001584s ]
SQL: SELECT `id`,`pid`,`title` FROM `robam_menu` WHERE ( id=16 ) LIMIT 1   [ RunTime:0.001156s ]
SQL: SELECT DISTINCT  `group` FROM `robam_menu` WHERE ( pid = 16 )  [ RunTime:0.001331s ]
SQL: SELECT `id`,`url` FROM `robam_menu` WHERE ( `pid` = 16 ) AND ( `hide` = 0 )  [ RunTime:0.004921s ]
SQL: SELECT `id`,`pid`,`title`,`url`,`tip` FROM `robam_menu` WHERE ( `group` = '渠道商管理' ) AND ( `pid` = 16 ) AND ( `hide` = 0 ) ORDER BY sort asc  [ RunTime:0.002567s ]
SQL: SELECT `id`,`pid`,`title`,`url`,`tip` FROM `robam_menu` WHERE ( `group` = '行为管理' ) AND ( `pid` = 16 ) AND ( `hide` = 0 ) ORDER BY sort asc  [ RunTime:0.001614s ]
SQL: SELECT `id`,`pid`,`title`,`url`,`tip` FROM `robam_menu` WHERE ( `group` = '后台人员管理' ) AND ( `pid` = 16 ) AND ( `hide` = 0 ) ORDER BY sort asc  [ RunTime:0.008734s ]
SQL: SELECT `id`,`pid`,`title`,`url`,`tip` FROM `robam_menu` WHERE ( `group` = '' ) AND ( `pid` = 16 ) AND ( `hide` = 0 ) ORDER BY sort asc  [ RunTime:0.009207s ]

